Copyright 1986-2022 Xilinx, Inc. All Rights Reserved. Copyright 2022-2025 Advanced Micro Devices, Inc. All Rights Reserved.
---------------------------------------------------------------------------------------------------------------------------------------------
| Tool Version : Vivado v.2025.1 (win64) Build 6140274 Thu May 22 00:12:29 MDT 2025
| Date         : Tue Apr 21 23:25:56 2026
| Host         : mobile running 64-bit major release  (build 9200)
| Command      : report_drc -file design_1_wrapper_drc_routed.rpt -pb design_1_wrapper_drc_routed.pb -rpx design_1_wrapper_drc_routed.rpx
| Design       : design_1_wrapper
| Device       : xc7s50csga324-1
| Speed File   : -1
| Design State : Fully Routed
---------------------------------------------------------------------------------------------------------------------------------------------

Report DRC

Table of Contents
-----------------
1. REPORT SUMMARY
2. REPORT DETAILS

1. REPORT SUMMARY
-----------------
            Netlist: netlist
          Floorplan: design_1
      Design limits: <entire design considered>
           Ruledeck: default
             Max checks: <unlimited>
             Checks found: 18
+-----------+----------+----------------------------+--------+
| Rule      | Severity | Description                | Checks |
+-----------+----------+----------------------------+--------+
| REQP-1839 | Warning  | RAMB36 async control check | 17     |
| RTSTAT-10 | Warning  | No routable loads          | 1      |
+-----------+----------+----------------------------+--------+

2. REPORT DETAILS
-----------------
REQP-1839#1 Warning
RAMB36 async control check  
The RAMB36E1 design_1_i/neorv32_vivado_ip_0/U0/neorv32_top_inst/io_system.neorv32_bootrom_enabled.neorv32_boot_rom_inst/bootrom_rom_inst/data_o_reg has an input control pin design_1_i/neorv32_vivado_ip_0/U0/neorv32_top_inst/io_system.neorv32_bootrom_enabled.neorv32_boot_rom_inst/bootrom_rom_inst/data_o_reg/ADDRARDADDR[10] (net: design_1_i/neorv32_vivado_ip_0/U0/neorv32_top_inst/io_system.neorv32_bootrom_enabled.neorv32_boot_rom_inst/bootrom_rom_inst/Q[5]) which is driven by a register (design_1_i/neorv32_vivado_ip_0/U0/neorv32_top_inst/io_system.neorv32_bus_io_switch_inst/neorv32_bus_reg_inst/request_reg_enabled.device_req_o_reg[addr][7]) that has an active asychronous set or reset. This may cause corruption of the memory contents and/or read values when the set/reset is asserted and is not analyzed by the default static timing analysis. It is suggested to eliminate the use of a set/reset to registers driving this RAMB pin or else use a synchronous reset in which the assertion of the reset is timed by default.
Related violations: <none>

REQP-1839#2 Warning
RAMB36 async control check  
The RAMB36E1 design_1_i/neorv32_vivado_ip_0/U0/neorv32_top_inst/io_system.neorv32_bootrom_enabled.neorv32_boot_rom_inst/bootrom_rom_inst/data_o_reg has an input control pin design_1_i/neorv32_vivado_ip_0/U0/neorv32_top_inst/io_system.neorv32_bootrom_enabled.neorv32_boot_rom_inst/bootrom_rom_inst/data_o_reg/ADDRARDADDR[11] (net: design_1_i/neorv32_vivado_ip_0/U0/neorv32_top_inst/io_system.neorv32_bootrom_enabled.neorv32_boot_rom_inst/bootrom_rom_inst/Q[6]) which is driven by a register (design_1_i/neorv32_vivado_ip_0/U0/neorv32_top_inst/io_system.neorv32_bus_io_switch_inst/neorv32_bus_reg_inst/request_reg_enabled.device_req_o_reg[addr][8]) that has an active asychronous set or reset. This may cause corruption of the memory contents and/or read values when the set/reset is asserted and is not analyzed by the default static timing analysis. It is suggested to eliminate the use of a set/reset to registers driving this RAMB pin or else use a synchronous reset in which the assertion of the reset is timed by default.
Related violations: <none>

REQP-1839#3 Warning
RAMB36 async control check  
The RAMB36E1 design_1_i/neorv32_vivado_ip_0/U0/neorv32_top_inst/io_system.neorv32_bootrom_enabled.neorv32_boot_rom_inst/bootrom_rom_inst/data_o_reg has an input control pin design_1_i/neorv32_vivado_ip_0/U0/neorv32_top_inst/io_system.neorv32_bootrom_enabled.neorv32_boot_rom_inst/bootrom_rom_inst/data_o_reg/ADDRARDADDR[12] (net: design_1_i/neorv32_vivado_ip_0/U0/neorv32_top_inst/io_system.neorv32_bootrom_enabled.neorv32_boot_rom_inst/bootrom_rom_inst/Q[7]) which is driven by a register (design_1_i/neorv32_vivado_ip_0/U0/neorv32_top_inst/io_system.neorv32_bus_io_switch_inst/neorv32_bus_reg_inst/request_reg_enabled.device_req_o_reg[addr][9]) that has an active asychronous set or reset. This may cause corruption of the memory contents and/or read values when the set/reset is asserted and is not analyzed by the default static timing analysis. It is suggested to eliminate the use of a set/reset to registers driving this RAMB pin or else use a synchronous reset in which the assertion of the reset is timed by default.
Related violations: <none>

REQP-1839#4 Warning
RAMB36 async control check  
The RAMB36E1 design_1_i/neorv32_vivado_ip_0/U0/neorv32_top_inst/io_system.neorv32_bootrom_enabled.neorv32_boot_rom_inst/bootrom_rom_inst/data_o_reg has an input control pin design_1_i/neorv32_vivado_ip_0/U0/neorv32_top_inst/io_system.neorv32_bootrom_enabled.neorv32_boot_rom_inst/bootrom_rom_inst/data_o_reg/ADDRARDADDR[13] (net: design_1_i/neorv32_vivado_ip_0/U0/neorv32_top_inst/io_system.neorv32_bootrom_enabled.neorv32_boot_rom_inst/bootrom_rom_inst/Q[8]) which is driven by a register (design_1_i/neorv32_vivado_ip_0/U0/neorv32_top_inst/io_system.neorv32_bus_io_switch_inst/neorv32_bus_reg_inst/request_reg_enabled.device_req_o_reg[addr][10]) that has an active asychronous set or reset. This may cause corruption of the memory contents and/or read values when the set/reset is asserted and is not analyzed by the default static timing analysis. It is suggested to eliminate the use of a set/reset to registers driving this RAMB pin or else use a synchronous reset in which the assertion of the reset is timed by default.
Related violations: <none>

REQP-1839#5 Warning
RAMB36 async control check  
The RAMB36E1 design_1_i/neorv32_vivado_ip_0/U0/neorv32_top_inst/io_system.neorv32_bootrom_enabled.neorv32_boot_rom_inst/bootrom_rom_inst/data_o_reg has an input control pin design_1_i/neorv32_vivado_ip_0/U0/neorv32_top_inst/io_system.neorv32_bootrom_enabled.neorv32_boot_rom_inst/bootrom_rom_inst/data_o_reg/ADDRARDADDR[14] (net: design_1_i/neorv32_vivado_ip_0/U0/neorv32_top_inst/io_system.neorv32_bootrom_enabled.neorv32_boot_rom_inst/bootrom_rom_inst/Q[9]) which is driven by a register (design_1_i/neorv32_vivado_ip_0/U0/neorv32_top_inst/io_system.neorv32_bus_io_switch_inst/neorv32_bus_reg_inst/request_reg_enabled.device_req_o_reg[addr][11]) that has an active asychronous set or reset. This may cause corruption of the memory contents and/or read values when the set/reset is asserted and is not analyzed by the default static timing analysis. It is suggested to eliminate the use of a set/reset to registers driving this RAMB pin or else use a synchronous reset in which the assertion of the reset is timed by default.
Related violations: <none>

REQP-1839#6 Warning
RAMB36 async control check  
The RAMB36E1 design_1_i/neorv32_vivado_ip_0/U0/neorv32_top_inst/io_system.neorv32_bootrom_enabled.neorv32_boot_rom_inst/bootrom_rom_inst/data_o_reg has an input control pin design_1_i/neorv32_vivado_ip_0/U0/neorv32_top_inst/io_system.neorv32_bootrom_enabled.neorv32_boot_rom_inst/bootrom_rom_inst/data_o_reg/ADDRARDADDR[5] (net: design_1_i/neorv32_vivado_ip_0/U0/neorv32_top_inst/io_system.neorv32_bootrom_enabled.neorv32_boot_rom_inst/bootrom_rom_inst/Q[0]) which is driven by a register (design_1_i/neorv32_vivado_ip_0/U0/neorv32_top_inst/io_system.neorv32_bus_io_switch_inst/neorv32_bus_reg_inst/request_reg_enabled.device_req_o_reg[addr][2]) that has an active asychronous set or reset. This may cause corruption of the memory contents and/or read values when the set/reset is asserted and is not analyzed by the default static timing analysis. It is suggested to eliminate the use of a set/reset to registers driving this RAMB pin or else use a synchronous reset in which the assertion of the reset is timed by default.
Related violations: <none>

REQP-1839#7 Warning
RAMB36 async control check  
The RAMB36E1 design_1_i/neorv32_vivado_ip_0/U0/neorv32_top_inst/io_system.neorv32_bootrom_enabled.neorv32_boot_rom_inst/bootrom_rom_inst/data_o_reg has an input control pin design_1_i/neorv32_vivado_ip_0/U0/neorv32_top_inst/io_system.neorv32_bootrom_enabled.neorv32_boot_rom_inst/bootrom_rom_inst/data_o_reg/ADDRARDADDR[6] (net: design_1_i/neorv32_vivado_ip_0/U0/neorv32_top_inst/io_system.neorv32_bootrom_enabled.neorv32_boot_rom_inst/bootrom_rom_inst/Q[1]) which is driven by a register (design_1_i/neorv32_vivado_ip_0/U0/neorv32_top_inst/io_system.neorv32_bus_io_switch_inst/neorv32_bus_reg_inst/request_reg_enabled.device_req_o_reg[addr][3]) that has an active asychronous set or reset. This may cause corruption of the memory contents and/or read values when the set/reset is asserted and is not analyzed by the default static timing analysis. It is suggested to eliminate the use of a set/reset to registers driving this RAMB pin or else use a synchronous reset in which the assertion of the reset is timed by default.
Related violations: <none>

REQP-1839#8 Warning
RAMB36 async control check  
The RAMB36E1 design_1_i/neorv32_vivado_ip_0/U0/neorv32_top_inst/io_system.neorv32_bootrom_enabled.neorv32_boot_rom_inst/bootrom_rom_inst/data_o_reg has an input control pin design_1_i/neorv32_vivado_ip_0/U0/neorv32_top_inst/io_system.neorv32_bootrom_enabled.neorv32_boot_rom_inst/bootrom_rom_inst/data_o_reg/ADDRARDADDR[7] (net: design_1_i/neorv32_vivado_ip_0/U0/neorv32_top_inst/io_system.neorv32_bootrom_enabled.neorv32_boot_rom_inst/bootrom_rom_inst/Q[2]) which is driven by a register (design_1_i/neorv32_vivado_ip_0/U0/neorv32_top_inst/io_system.neorv32_bus_io_switch_inst/neorv32_bus_reg_inst/request_reg_enabled.device_req_o_reg[addr][4]) that has an active asychronous set or reset. This may cause corruption of the memory contents and/or read values when the set/reset is asserted and is not analyzed by the default static timing analysis. It is suggested to eliminate the use of a set/reset to registers driving this RAMB pin or else use a synchronous reset in which the assertion of the reset is timed by default.
Related violations: <none>

REQP-1839#9 Warning
RAMB36 async control check  
The RAMB36E1 design_1_i/neorv32_vivado_ip_0/U0/neorv32_top_inst/io_system.neorv32_bootrom_enabled.neorv32_boot_rom_inst/bootrom_rom_inst/data_o_reg has an input control pin design_1_i/neorv32_vivado_ip_0/U0/neorv32_top_inst/io_system.neorv32_bootrom_enabled.neorv32_boot_rom_inst/bootrom_rom_inst/data_o_reg/ADDRARDADDR[8] (net: design_1_i/neorv32_vivado_ip_0/U0/neorv32_top_inst/io_system.neorv32_bootrom_enabled.neorv32_boot_rom_inst/bootrom_rom_inst/Q[3]) which is driven by a register (design_1_i/neorv32_vivado_ip_0/U0/neorv32_top_inst/io_system.neorv32_bus_io_switch_inst/neorv32_bus_reg_inst/request_reg_enabled.device_req_o_reg[addr][5]) that has an active asychronous set or reset. This may cause corruption of the memory contents and/or read values when the set/reset is asserted and is not analyzed by the default static timing analysis. It is suggested to eliminate the use of a set/reset to registers driving this RAMB pin or else use a synchronous reset in which the assertion of the reset is timed by default.
Related violations: <none>

REQP-1839#10 Warning
RAMB36 async control check  
The RAMB36E1 design_1_i/neorv32_vivado_ip_0/U0/neorv32_top_inst/io_system.neorv32_bootrom_enabled.neorv32_boot_rom_inst/bootrom_rom_inst/data_o_reg has an input control pin design_1_i/neorv32_vivado_ip_0/U0/neorv32_top_inst/io_system.neorv32_bootrom_enabled.neorv32_boot_rom_inst/bootrom_rom_inst/data_o_reg/ADDRARDADDR[9] (net: design_1_i/neorv32_vivado_ip_0/U0/neorv32_top_inst/io_system.neorv32_bootrom_enabled.neorv32_boot_rom_inst/bootrom_rom_inst/Q[4]) which is driven by a register (design_1_i/neorv32_vivado_ip_0/U0/neorv32_top_inst/io_system.neorv32_bus_io_switch_inst/neorv32_bus_reg_inst/request_reg_enabled.device_req_o_reg[addr][6]) that has an active asychronous set or reset. This may cause corruption of the memory contents and/or read values when the set/reset is asserted and is not analyzed by the default static timing analysis. It is suggested to eliminate the use of a set/reset to registers driving this RAMB pin or else use a synchronous reset in which the assertion of the reset is timed by default.
Related violations: <none>

REQP-1839#11 Warning
RAMB36 async control check  
The RAMB36E1 design_1_i/neorv32_vivado_ip_0/U0/neorv32_top_inst/io_system.neorv32_bootrom_enabled.neorv32_boot_rom_inst/bootrom_rom_inst/data_o_reg has an input control pin design_1_i/neorv32_vivado_ip_0/U0/neorv32_top_inst/io_system.neorv32_bootrom_enabled.neorv32_boot_rom_inst/bootrom_rom_inst/data_o_reg/ENARDEN (net: design_1_i/neorv32_vivado_ip_0/U0/neorv32_top_inst/io_system.neorv32_bootrom_enabled.neorv32_boot_rom_inst/bootrom_rom_inst/data_o_reg_ENARDEN_cooolgate_en_sig_3) which is driven by a register (design_1_i/neorv32_vivado_ip_0/U0/neorv32_top_inst/io_system.neorv32_bus_io_switch_inst/neorv32_bus_reg_inst/request_reg_enabled.device_req_o_reg[addr][16]) that has an active asychronous set or reset. This may cause corruption of the memory contents and/or read values when the set/reset is asserted and is not analyzed by the default static timing analysis. It is suggested to eliminate the use of a set/reset to registers driving this RAMB pin or else use a synchronous reset in which the assertion of the reset is timed by default.
Related violations: <none>

REQP-1839#12 Warning
RAMB36 async control check  
The RAMB36E1 design_1_i/neorv32_vivado_ip_0/U0/neorv32_top_inst/io_system.neorv32_bootrom_enabled.neorv32_boot_rom_inst/bootrom_rom_inst/data_o_reg has an input control pin design_1_i/neorv32_vivado_ip_0/U0/neorv32_top_inst/io_system.neorv32_bootrom_enabled.neorv32_boot_rom_inst/bootrom_rom_inst/data_o_reg/ENARDEN (net: design_1_i/neorv32_vivado_ip_0/U0/neorv32_top_inst/io_system.neorv32_bootrom_enabled.neorv32_boot_rom_inst/bootrom_rom_inst/data_o_reg_ENARDEN_cooolgate_en_sig_3) which is driven by a register (design_1_i/neorv32_vivado_ip_0/U0/neorv32_top_inst/io_system.neorv32_bus_io_switch_inst/neorv32_bus_reg_inst/request_reg_enabled.device_req_o_reg[addr][17]) that has an active asychronous set or reset. This may cause corruption of the memory contents and/or read values when the set/reset is asserted and is not analyzed by the default static timing analysis. It is suggested to eliminate the use of a set/reset to registers driving this RAMB pin or else use a synchronous reset in which the assertion of the reset is timed by default.
Related violations: <none>

REQP-1839#13 Warning
RAMB36 async control check  
The RAMB36E1 design_1_i/neorv32_vivado_ip_0/U0/neorv32_top_inst/io_system.neorv32_bootrom_enabled.neorv32_boot_rom_inst/bootrom_rom_inst/data_o_reg has an input control pin design_1_i/neorv32_vivado_ip_0/U0/neorv32_top_inst/io_system.neorv32_bootrom_enabled.neorv32_boot_rom_inst/bootrom_rom_inst/data_o_reg/ENARDEN (net: design_1_i/neorv32_vivado_ip_0/U0/neorv32_top_inst/io_system.neorv32_bootrom_enabled.neorv32_boot_rom_inst/bootrom_rom_inst/data_o_reg_ENARDEN_cooolgate_en_sig_3) which is driven by a register (design_1_i/neorv32_vivado_ip_0/U0/neorv32_top_inst/io_system.neorv32_bus_io_switch_inst/neorv32_bus_reg_inst/request_reg_enabled.device_req_o_reg[addr][18]) that has an active asychronous set or reset. This may cause corruption of the memory contents and/or read values when the set/reset is asserted and is not analyzed by the default static timing analysis. It is suggested to eliminate the use of a set/reset to registers driving this RAMB pin or else use a synchronous reset in which the assertion of the reset is timed by default.
Related violations: <none>

REQP-1839#14 Warning
RAMB36 async control check  
The RAMB36E1 design_1_i/neorv32_vivado_ip_0/U0/neorv32_top_inst/io_system.neorv32_bootrom_enabled.neorv32_boot_rom_inst/bootrom_rom_inst/data_o_reg has an input control pin design_1_i/neorv32_vivado_ip_0/U0/neorv32_top_inst/io_system.neorv32_bootrom_enabled.neorv32_boot_rom_inst/bootrom_rom_inst/data_o_reg/ENARDEN (net: design_1_i/neorv32_vivado_ip_0/U0/neorv32_top_inst/io_system.neorv32_bootrom_enabled.neorv32_boot_rom_inst/bootrom_rom_inst/data_o_reg_ENARDEN_cooolgate_en_sig_3) which is driven by a register (design_1_i/neorv32_vivado_ip_0/U0/neorv32_top_inst/io_system.neorv32_bus_io_switch_inst/neorv32_bus_reg_inst/request_reg_enabled.device_req_o_reg[addr][19]) that has an active asychronous set or reset. This may cause corruption of the memory contents and/or read values when the set/reset is asserted and is not analyzed by the default static timing analysis. It is suggested to eliminate the use of a set/reset to registers driving this RAMB pin or else use a synchronous reset in which the assertion of the reset is timed by default.
Related violations: <none>

REQP-1839#15 Warning
RAMB36 async control check  
The RAMB36E1 design_1_i/neorv32_vivado_ip_0/U0/neorv32_top_inst/io_system.neorv32_bootrom_enabled.neorv32_boot_rom_inst/bootrom_rom_inst/data_o_reg has an input control pin design_1_i/neorv32_vivado_ip_0/U0/neorv32_top_inst/io_system.neorv32_bootrom_enabled.neorv32_boot_rom_inst/bootrom_rom_inst/data_o_reg/ENARDEN (net: design_1_i/neorv32_vivado_ip_0/U0/neorv32_top_inst/io_system.neorv32_bootrom_enabled.neorv32_boot_rom_inst/bootrom_rom_inst/data_o_reg_ENARDEN_cooolgate_en_sig_3) which is driven by a register (design_1_i/neorv32_vivado_ip_0/U0/neorv32_top_inst/io_system.neorv32_bus_io_switch_inst/neorv32_bus_reg_inst/request_reg_enabled.device_req_o_reg[addr][20]) that has an active asychronous set or reset. This may cause corruption of the memory contents and/or read values when the set/reset is asserted and is not analyzed by the default static timing analysis. It is suggested to eliminate the use of a set/reset to registers driving this RAMB pin or else use a synchronous reset in which the assertion of the reset is timed by default.
Related violations: <none>

REQP-1839#16 Warning
RAMB36 async control check  
The RAMB36E1 design_1_i/neorv32_vivado_ip_0/U0/neorv32_top_inst/io_system.neorv32_bootrom_enabled.neorv32_boot_rom_inst/bootrom_rom_inst/data_o_reg has an input control pin design_1_i/neorv32_vivado_ip_0/U0/neorv32_top_inst/io_system.neorv32_bootrom_enabled.neorv32_boot_rom_inst/bootrom_rom_inst/data_o_reg/ENARDEN (net: design_1_i/neorv32_vivado_ip_0/U0/neorv32_top_inst/io_system.neorv32_bootrom_enabled.neorv32_boot_rom_inst/bootrom_rom_inst/data_o_reg_ENARDEN_cooolgate_en_sig_3) which is driven by a register (design_1_i/neorv32_vivado_ip_0/U0/neorv32_top_inst/io_system.neorv32_bus_io_switch_inst/neorv32_bus_reg_inst/request_reg_enabled.device_req_o_reg[stb]) that has an active asychronous set or reset. This may cause corruption of the memory contents and/or read values when the set/reset is asserted and is not analyzed by the default static timing analysis. It is suggested to eliminate the use of a set/reset to registers driving this RAMB pin or else use a synchronous reset in which the assertion of the reset is timed by default.
Related violations: <none>

REQP-1839#17 Warning
RAMB36 async control check  
The RAMB36E1 design_1_i/neorv32_vivado_ip_0/U0/neorv32_top_inst/io_system.neorv32_bootrom_enabled.neorv32_boot_rom_inst/bootrom_rom_inst/data_o_reg has an input control pin design_1_i/neorv32_vivado_ip_0/U0/neorv32_top_inst/io_system.neorv32_bootrom_enabled.neorv32_boot_rom_inst/bootrom_rom_inst/data_o_reg/ENARDEN (net: design_1_i/neorv32_vivado_ip_0/U0/neorv32_top_inst/io_system.neorv32_bootrom_enabled.neorv32_boot_rom_inst/bootrom_rom_inst/data_o_reg_ENARDEN_cooolgate_en_sig_3) which is driven by a register (design_1_i/neorv32_vivado_ip_0/U0/neorv32_top_inst/soc_generators.neorv32_sys_reset_inst/rstn_sys_o_reg_inv) that has an active asychronous set or reset. This may cause corruption of the memory contents and/or read values when the set/reset is asserted and is not analyzed by the default static timing analysis. It is suggested to eliminate the use of a set/reset to registers driving this RAMB pin or else use a synchronous reset in which the assertion of the reset is timed by default.
Related violations: <none>

RTSTAT-10#1 Warning
No routable loads  
10 net(s) have no routable loads. The problem bus(es) and/or net(s) are design_1_i/main_smartconnect_0/inst/m00_nodes/m00_ar_node/inst/mi_handler_m_sc_areset_pipe,
design_1_i/main_smartconnect_0/inst/m00_nodes/m00_aw_node/inst/mi_handler_m_sc_areset_pipe,
design_1_i/main_smartconnect_0/inst/m00_nodes/m00_b_node/inst/mi_handler_m_sc_areset_pipe,
design_1_i/main_smartconnect_0/inst/m00_nodes/m00_r_node/inst/mi_handler_m_sc_areset_pipe,
design_1_i/main_smartconnect_0/inst/m00_nodes/m00_w_node/inst/mi_handler_m_sc_areset_pipe,
design_1_i/main_smartconnect_0/inst/s00_nodes/s00_ar_node/inst/mi_handler_m_sc_areset_pipe,
design_1_i/main_smartconnect_0/inst/s00_nodes/s00_aw_node/inst/mi_handler_m_sc_areset_pipe,
design_1_i/main_smartconnect_0/inst/s00_nodes/s00_b_node/inst/mi_handler_m_sc_areset_pipe,
design_1_i/main_smartconnect_0/inst/s00_nodes/s00_r_node/inst/mi_handler_m_sc_areset_pipe
design_1_i/main_smartconnect_0/inst/s00_nodes/s00_w_node/inst/mi_handler_m_sc_areset_pipe.
Related violations: <none>


