Copyright 1986-2022 Xilinx, Inc. All Rights Reserved. Copyright 2022-2025 Advanced Micro Devices, Inc. All Rights Reserved.
---------------------------------------------------------------------------------------------------------------------------------------------
| Tool Version : Vivado v.2025.1 (win64) Build 6140274 Thu May 22 00:12:29 MDT 2025
| Date         : Tue Apr 21 23:25:39 2026
| Host         : mobile running 64-bit major release  (build 9200)
| Command      : report_control_sets -verbose -file design_1_wrapper_control_sets_placed.rpt
| Design       : design_1_wrapper
| Device       : xc7s50
---------------------------------------------------------------------------------------------------------------------------------------------

Control Set Information

Table of Contents
-----------------
1. Summary
2. Histogram
3. Flip-Flop Distribution
4. Detailed Control Set Information

1. Summary
----------

+----------------------------------------------------------+-------+
|                          Status                          | Count |
+----------------------------------------------------------+-------+
| Total control sets                                       |   135 |
|    Minimum number of control sets                        |   135 |
|    Addition due to synthesis replication                 |     0 |
|    Addition due to physical synthesis replication        |     0 |
| Unused register locations in slices containing registers |   520 |
+----------------------------------------------------------+-------+
* Control sets can be merged at opt_design using control_set_merge or merge_equivalent_drivers
** Run report_qor_suggestions for automated merging and remapping suggestions


2. Histogram
------------

+--------------------+-------+
|       Fanout       | Count |
+--------------------+-------+
| Total control sets |   135 |
| >= 0 to < 4        |    41 |
| >= 4 to < 6        |    24 |
| >= 6 to < 8        |     5 |
| >= 8 to < 10       |    14 |
| >= 10 to < 12      |    10 |
| >= 12 to < 14      |     3 |
| >= 14 to < 16      |     1 |
| >= 16              |    37 |
+--------------------+-------+
* Control sets can be remapped at either synth_design or opt_design


3. Flip-Flop Distribution
-------------------------

+--------------+-----------------------+------------------------+-----------------+--------------+
| Clock Enable | Synchronous Set/Reset | Asynchronous Set/Reset | Total Registers | Total Slices |
+--------------+-----------------------+------------------------+-----------------+--------------+
| No           | No                    | No                     |             213 |           78 |
| No           | No                    | Yes                    |             506 |          182 |
| No           | Yes                   | No                     |             286 |          107 |
| Yes          | No                    | No                     |             203 |           59 |
| Yes          | No                    | Yes                    |             633 |          182 |
| Yes          | Yes                   | No                     |             231 |           65 |
+--------------+-----------------------+------------------------+-----------------+--------------+


4. Detailed Control Set Information
-----------------------------------

+-------------------------------------+----------------------------------------------------------------------------------------------------------------------------------------------------------------------------------------------------------------+-----------------------------------------------------------------------------------------------------------------------------------------------------------+------------------+----------------+--------------+
|             Clock Signal            |                                                                                                  Enable Signal                                                                                                 |                                                                      Set/Reset Signal                                                                     | Slice Load Count | Bel Load Count | Bels / Slice |
+-------------------------------------+----------------------------------------------------------------------------------------------------------------------------------------------------------------------------------------------------------------+-----------------------------------------------------------------------------------------------------------------------------------------------------------+------------------+----------------+--------------+
|  design_1_i/clk_wiz_0/inst/clk_out1 |                                                                                                                                                                                                                | design_1_i/main_smartconnect_0/inst/s00_nodes/s00_w_node/inst/s_sc_areset_pipe                                                                            |                1 |              1 |         1.00 |
|  design_1_i/clk_wiz_0/inst/clk_out1 |                                                                                                                                                                                                                | design_1_i/main_smartconnect_0/inst/switchboards/i_nodes/i_w_node/inst/s_sc_areset_pipe                                                                   |                1 |              1 |         1.00 |
|  design_1_i/clk_wiz_0/inst/clk_out2 | design_1_i/pong_axi_0/inst/u_pong/Pong_Top2_0/inst/w_Game_Active                                                                                                                                               |                                                                                                                                                           |                1 |              1 |         1.00 |
|  design_1_i/clk_wiz_0/inst/clk_out1 |                                                                                                                                                                                                                | design_1_i/main_smartconnect_0/inst/m00_nodes/m00_ar_node/inst/s_sc_areset_pipe                                                                           |                1 |              1 |         1.00 |
|  design_1_i/clk_wiz_0/inst/clk_out1 |                                                                                                                                                                                                                | design_1_i/main_smartconnect_0/inst/switchboards/i_nodes/i_b_node/inst/s_sc_areset_pipe                                                                   |                1 |              1 |         1.00 |
|  design_1_i/clk_wiz_0/inst/clk_out1 |                                                                                                                                                                                                                | design_1_i/main_smartconnect_0/inst/s00_nodes/s00_ar_node/inst/s_sc_areset_pipe                                                                           |                1 |              1 |         1.00 |
|  design_1_i/clk_wiz_0/inst/clk_out1 |                                                                                                                                                                                                                | design_1_i/main_smartconnect_0/inst/m00_nodes/m00_aw_node/inst/s_sc_areset_pipe                                                                           |                1 |              1 |         1.00 |
|  design_1_i/clk_wiz_0/inst/clk_out1 |                                                                                                                                                                                                                | design_1_i/main_smartconnect_0/inst/s00_nodes/s00_aw_node/inst/s_sc_areset_pipe                                                                           |                1 |              1 |         1.00 |
|  design_1_i/clk_wiz_0/inst/clk_out1 |                                                                                                                                                                                                                | design_1_i/main_smartconnect_0/inst/s00_nodes/s00_b_node/inst/s_sc_areset_pipe                                                                            |                1 |              1 |         1.00 |
|  design_1_i/clk_wiz_0/inst/clk_out1 | design_1_i/main_smartconnect_0/inst/s00_entry_pipeline/s00_si_converter/inst/converter.legacy_conversion.wrap_narrow_inst/w_cmd_fifo/gen_srls[10].srl_nx1/shift_qual                                           |                                                                                                                                                           |                1 |              1 |         1.00 |
|  design_1_i/clk_wiz_0/inst/clk_out1 |                                                                                                                                                                                                                | design_1_i/main_smartconnect_0/inst/s00_nodes/s00_r_node/inst/s_sc_areset_pipe                                                                            |                1 |              1 |         1.00 |
|  design_1_i/clk_wiz_0/inst/clk_out1 |                                                                                                                                                                                                                | design_1_i/main_smartconnect_0/inst/switchboards/i_nodes/i_aw_node/inst/s_sc_areset_pipe                                                                  |                1 |              1 |         1.00 |
|  design_1_i/clk_wiz_0/inst/clk_out1 |                                                                                                                                                                                                                | design_1_i/main_smartconnect_0/inst/switchboards/i_nodes/i_r_node/inst/s_sc_areset_pipe                                                                   |                1 |              1 |         1.00 |
|  design_1_i/clk_wiz_0/inst/clk_out1 |                                                                                                                                                                                                                | design_1_i/main_smartconnect_0/inst/switchboards/i_nodes/i_ar_node/inst/s_sc_areset_pipe                                                                  |                1 |              1 |         1.00 |
|  design_1_i/clk_wiz_0/inst/clk_out1 |                                                                                                                                                                                                                | design_1_i/main_smartconnect_0/inst/m00_nodes/m00_b_node/inst/s_sc_areset_pipe                                                                            |                1 |              1 |         1.00 |
|  design_1_i/clk_wiz_0/inst/clk_out1 |                                                                                                                                                                                                                | design_1_i/main_smartconnect_0/inst/m00_nodes/m00_r_node/inst/s_sc_areset_pipe                                                                            |                1 |              1 |         1.00 |
|  design_1_i/clk_wiz_0/inst/clk_out1 | design_1_i/neorv32_vivado_ip_0/U0/neorv32_top_inst/soc_generators.neorv32_sys_clock_inst/uart_clk                                                                                                              | design_1_i/neorv32_vivado_ip_0/U0/neorv32_top_inst/soc_generators.neorv32_sys_reset_inst/rstn_sys                                                         |                1 |              1 |         1.00 |
|  design_1_i/clk_wiz_0/inst/clk_out1 |                                                                                                                                                                                                                | design_1_i/main_smartconnect_0/inst/m00_nodes/m00_w_node/inst/s_sc_areset_pipe                                                                            |                1 |              1 |         1.00 |
|  design_1_i/clk_wiz_0/inst/clk_out1 | design_1_i/main_smartconnect_0/inst/switchboards/i_nodes/i_aw_node/inst/inst_si_handler/gen_m_axis_arb_fifo.inst_axis_arb_fifo/gen_srls[0].srl_nx1/shift                                                       |                                                                                                                                                           |                1 |              1 |         1.00 |
|  design_1_i/clk_wiz_0/inst/clk_out1 | design_1_i/main_smartconnect_0/inst/s00_entry_pipeline/s00_si_converter/inst/converter.legacy_conversion.wrap_narrow_inst/ar_reg_slice/r_acceptance_reg_0_sn_1                                                 | design_1_i/main_smartconnect_0/inst/s00_entry_pipeline/s00_si_converter/inst/areset                                                                       |                1 |              1 |         1.00 |
|  design_1_i/clk_wiz_0/inst/clk_out1 | design_1_i/main_smartconnect_0/inst/s00_entry_pipeline/s00_si_converter/inst/gen_normal.splitter_inst/gen_wsplitter.w_split_fifo/gen_srls[0].srl_nx1/shift_qual                                                |                                                                                                                                                           |                1 |              1 |         1.00 |
|  design_1_i/clk_wiz_0/inst/clk_out1 | design_1_i/main_smartconnect_0/inst/switchboards/i_nodes/i_w_node/inst/inst_si_handler/gen_si_handler.gen_request_fifos.gen_req_fifo[0].inst_req_fifo/gen_xpm_memory_fifo.inst_fifo/wr_wea                     |                                                                                                                                                           |                1 |              2 |         2.00 |
|  design_1_i/clk_wiz_0/inst/clk_out1 |                                                                                                                                                                                                                | design_1_i/main_smartconnect_0/inst/s00_entry_pipeline/s00_mmu/inst/xpm_cdc_async_rst_inst/reset_pol                                                      |                1 |              3 |         3.00 |
|  design_1_i/clk_wiz_0/inst/clk_out1 |                                                                                                                                                                                                                | design_1_i/main_smartconnect_0/inst/m00_nodes/m00_aw_node/inst/s_sc_xpm_cdc_async_rst_inst/reset_pol                                                      |                1 |              3 |         3.00 |
|  design_1_i/clk_wiz_0/inst/clk_out1 |                                                                                                                                                                                                                | design_1_i/main_smartconnect_0/inst/m00_exit_pipeline/m00_exit/inst/xpm_cdc_async_rst_inst/reset_pol                                                      |                1 |              3 |         3.00 |
|  design_1_i/clk_wiz_0/inst/clk_out1 |                                                                                                                                                                                                                | design_1_i/main_smartconnect_0/inst/m00_nodes/m00_ar_node/inst/s_sc_xpm_cdc_async_rst_inst/reset_pol                                                      |                1 |              3 |         3.00 |
|  design_1_i/clk_wiz_0/inst/clk_out1 |                                                                                                                                                                                                                | design_1_i/main_smartconnect_0/inst/s00_entry_pipeline/s00_si_converter/inst/xpm_cdc_async_rst_inst/reset_pol                                             |                1 |              3 |         3.00 |
|  design_1_i/clk_wiz_0/inst/clk_out1 |                                                                                                                                                                                                                | design_1_i/main_smartconnect_0/inst/s00_entry_pipeline/s00_transaction_regulator/inst/xpm_cdc_async_rst_inst/reset_pol                                    |                1 |              3 |         3.00 |
|  design_1_i/clk_wiz_0/inst/clk_out1 |                                                                                                                                                                                                                | design_1_i/main_smartconnect_0/inst/s00_nodes/s00_ar_node/inst/s_sc_xpm_cdc_async_rst_inst/reset_pol                                                      |                1 |              3 |         3.00 |
|  design_1_i/clk_wiz_0/inst/clk_out1 |                                                                                                                                                                                                                | design_1_i/main_smartconnect_0/inst/m00_nodes/m00_b_node/inst/s_sc_xpm_cdc_async_rst_inst/reset_pol                                                       |                1 |              3 |         3.00 |
|  design_1_i/clk_wiz_0/inst/clk_out1 |                                                                                                                                                                                                                | design_1_i/main_smartconnect_0/inst/m00_nodes/m00_r_node/inst/s_sc_xpm_cdc_async_rst_inst/reset_pol                                                       |                1 |              3 |         3.00 |
|  design_1_i/clk_wiz_0/inst/clk_out1 |                                                                                                                                                                                                                | design_1_i/main_smartconnect_0/inst/m00_nodes/m00_w_node/inst/s_sc_xpm_cdc_async_rst_inst/reset_pol                                                       |                1 |              3 |         3.00 |
|  design_1_i/clk_wiz_0/inst/clk_out1 |                                                                                                                                                                                                                | design_1_i/main_smartconnect_0/inst/switchboards/i_nodes/i_aw_node/inst/s_sc_xpm_cdc_async_rst_inst/reset_pol                                             |                1 |              3 |         3.00 |
|  design_1_i/clk_wiz_0/inst/clk_out1 |                                                                                                                                                                                                                | design_1_i/main_smartconnect_0/inst/switchboards/i_nodes/i_w_node/inst/s_sc_xpm_cdc_async_rst_inst/reset_pol                                              |                1 |              3 |         3.00 |
|  design_1_i/clk_wiz_0/inst/clk_out1 |                                                                                                                                                                                                                | design_1_i/main_smartconnect_0/inst/s00_nodes/s00_b_node/inst/s_sc_xpm_cdc_async_rst_inst/reset_pol                                                       |                1 |              3 |         3.00 |
|  design_1_i/clk_wiz_0/inst/clk_out1 |                                                                                                                                                                                                                | design_1_i/main_smartconnect_0/inst/s00_nodes/s00_r_node/inst/s_sc_xpm_cdc_async_rst_inst/reset_pol                                                       |                1 |              3 |         3.00 |
|  design_1_i/clk_wiz_0/inst/clk_out1 |                                                                                                                                                                                                                | design_1_i/main_smartconnect_0/inst/switchboards/i_nodes/i_b_node/inst/s_sc_xpm_cdc_async_rst_inst/reset_pol                                              |                1 |              3 |         3.00 |
|  design_1_i/clk_wiz_0/inst/clk_out1 |                                                                                                                                                                                                                | design_1_i/main_smartconnect_0/inst/switchboards/i_nodes/i_ar_node/inst/s_sc_xpm_cdc_async_rst_inst/reset_pol                                             |                1 |              3 |         3.00 |
|  design_1_i/clk_wiz_0/inst/clk_out1 |                                                                                                                                                                                                                | design_1_i/main_smartconnect_0/inst/s00_nodes/s00_aw_node/inst/s_sc_xpm_cdc_async_rst_inst/reset_pol                                                      |                1 |              3 |         3.00 |
|  design_1_i/clk_wiz_0/inst/clk_out1 |                                                                                                                                                                                                                | design_1_i/main_smartconnect_0/inst/switchboards/i_nodes/i_r_node/inst/s_sc_xpm_cdc_async_rst_inst/reset_pol                                              |                1 |              3 |         3.00 |
|  design_1_i/clk_wiz_0/inst/clk_out1 |                                                                                                                                                                                                                | design_1_i/main_smartconnect_0/inst/s00_nodes/s00_w_node/inst/s_sc_xpm_cdc_async_rst_inst/reset_pol                                                       |                1 |              3 |         3.00 |
|  design_1_i/clk_wiz_0/inst/clk_out1 |                                                                                                                                                                                                                | design_1_i/main_smartconnect_0/inst/switchboards/i_nodes/i_ar_node/inst/inst_si_handler/areset_r                                                          |                1 |              4 |         4.00 |
|  design_1_i/clk_wiz_0/inst/clk_out1 | design_1_i/neorv32_vivado_ip_0/U0/neorv32_top_inst/io_system.neorv32_bus_io_switch_inst/neorv32_bus_reg_inst/request_reg_enabled.device_req_o_reg[rw]_5[0]                                                     | design_1_i/neorv32_vivado_ip_0/U0/neorv32_top_inst/soc_generators.neorv32_sys_reset_inst/rstn_sys                                                         |                2 |              4 |         2.00 |
|  design_1_i/clk_wiz_0/inst/clk_out1 | design_1_i/main_smartconnect_0/inst/s00_entry_pipeline/s00_si_converter/inst/gen_normal.splitter_inst/gen_wsplitter.w_split_fifo/fifoaddr[3]_i_1__0_n_0                                                        | design_1_i/main_smartconnect_0/inst/s00_entry_pipeline/s00_si_converter/inst/areset                                                                       |                2 |              4 |         2.00 |
|  design_1_i/clk_wiz_0/inst/clk_out1 | design_1_i/neorv32_vivado_ip_0/U0/neorv32_top_inst/core_complex_gen[0].neorv32_cpu_inst/neorv32_cpu_frontend_inst/prefetch_buffer[0].ipb_inst/E[0]                                                             | design_1_i/neorv32_vivado_ip_0/U0/neorv32_top_inst/soc_generators.neorv32_sys_reset_inst/rstn_sys                                                         |                2 |              4 |         2.00 |
|  design_1_i/clk_wiz_0/inst/clk_out1 | design_1_i/main_smartconnect_0/inst/s00_entry_pipeline/s00_si_converter/inst/converter.legacy_conversion.wrap_narrow_inst/w_payld_fifo/cmd_fifo/fifoaddr[3]_i_1__2_n_0                                         | design_1_i/main_smartconnect_0/inst/s00_entry_pipeline/s00_si_converter/inst/areset                                                                       |                1 |              4 |         4.00 |
|  design_1_i/clk_wiz_0/inst/clk_out1 | design_1_i/main_smartconnect_0/inst/s00_entry_pipeline/s00_si_converter/inst/gen_normal.splitter_inst/gen_wsplitter.gen_wthread_loop[0].b_split_fifo/fifoaddr[3]_i_1_n_0                                       | design_1_i/main_smartconnect_0/inst/s00_entry_pipeline/s00_si_converter/inst/areset                                                                       |                1 |              4 |         4.00 |
|  design_1_i/clk_wiz_0/inst/clk_out1 | design_1_i/neorv32_vivado_ip_0/U0/neorv32_top_inst/io_system.neorv32_bus_io_switch_inst/neorv32_bus_reg_inst/request_reg_enabled.device_req_o_reg[rw]_3[0]                                                     | design_1_i/neorv32_vivado_ip_0/U0/neorv32_top_inst/soc_generators.neorv32_sys_reset_inst/rstn_sys                                                         |                2 |              4 |         2.00 |
|  design_1_i/clk_wiz_0/inst/clk_out1 | design_1_i/neorv32_vivado_ip_0/U0/neorv32_top_inst/io_system.neorv32_bus_io_switch_inst/neorv32_bus_reg_inst/FSM_onehot_keeper_reg[state][2][0]                                                                | design_1_i/neorv32_vivado_ip_0/U0/neorv32_top_inst/soc_generators.neorv32_sys_reset_inst/rstn_sys                                                         |                1 |              4 |         4.00 |
|  design_1_i/clk_wiz_0/inst/clk_out1 | design_1_i/main_smartconnect_0/inst/s00_entry_pipeline/s00_si_converter/inst/converter.legacy_conversion.wrap_narrow_inst/gen_thread_loop[0].r_cmd_fifo/fifoaddr[3]_i_1__3_n_0                                 | design_1_i/main_smartconnect_0/inst/s00_entry_pipeline/s00_si_converter/inst/areset                                                                       |                1 |              4 |         4.00 |
|  design_1_i/clk_wiz_0/inst/clk_out1 | design_1_i/main_smartconnect_0/inst/s00_entry_pipeline/s00_si_converter/inst/converter.legacy_conversion.wrap_narrow_inst/w_cmd_fifo/fifoaddr[3]_i_1__6_n_0                                                    | design_1_i/main_smartconnect_0/inst/s00_entry_pipeline/s00_si_converter/inst/areset                                                                       |                1 |              4 |         4.00 |
|  design_1_i/clk_wiz_0/inst/clk_out1 | design_1_i/neorv32_vivado_ip_0/U0/neorv32_top_inst/core_complex_gen[0].neorv32_cpu_inst/neorv32_cpu_control_inst/FSM_sequential_exec[state][3]_i_1_n_0                                                         | design_1_i/neorv32_vivado_ip_0/U0/neorv32_top_inst/soc_generators.neorv32_sys_reset_inst/rstn_sys                                                         |                3 |              4 |         1.33 |
|  design_1_i/clk_wiz_0/inst/clk_out1 | design_1_i/neorv32_vivado_ip_0/U0/neorv32_top_inst/io_system.neorv32_bus_io_switch_inst/neorv32_bus_reg_inst/request_reg_enabled.device_req_o_reg[rw]_4[0]                                                     | design_1_i/neorv32_vivado_ip_0/U0/neorv32_top_inst/soc_generators.neorv32_sys_reset_inst/rstn_sys                                                         |                1 |              4 |         4.00 |
|  design_1_i/clk_wiz_0/inst/clk_out1 | design_1_i/main_smartconnect_0/inst/s00_entry_pipeline/s00_si_converter/inst/converter.legacy_conversion.wrap_narrow_inst/gen_thread_loop[0].r_payld_fifo/cmd_fifo/fifoaddr[3]_i_1__4_n_0                      | design_1_i/main_smartconnect_0/inst/s00_entry_pipeline/s00_si_converter/inst/areset                                                                       |                1 |              4 |         4.00 |
|  design_1_i/clk_wiz_0/inst/clk_out1 | design_1_i/neorv32_vivado_ip_0/U0/neorv32_top_inst/io_system.neorv32_uart0_enabled.neorv32_uart0_inst/rx_engine[bitcnt][3]_i_1_n_0                                                                             | design_1_i/neorv32_vivado_ip_0/U0/neorv32_top_inst/soc_generators.neorv32_sys_reset_inst/rstn_sys                                                         |                1 |              4 |         4.00 |
|  design_1_i/clk_wiz_0/inst/clk_out1 |                                                                                                                                                                                                                | design_1_i/proc_sys_reset_0/U0/EXT_LPF/lpf_int                                                                                                            |                2 |              4 |         2.00 |
|  design_1_i/clk_wiz_0/inst/clk_out1 | design_1_i/main_smartconnect_0/inst/switchboards/i_nodes/i_aw_node/inst/inst_si_handler/gen_m_axis_arb_fifo.inst_axis_arb_fifo/fifoaddr[3]_i_1_n_0                                                             | design_1_i/main_smartconnect_0/inst/switchboards/i_nodes/i_aw_node/inst/inst_si_handler/areset_r                                                          |                1 |              4 |         4.00 |
|  design_1_i/clk_wiz_0/inst/clk_out1 |                                                                                                                                                                                                                | design_1_i/main_smartconnect_0/inst/clk_map/psr_aclk/U0/EXT_LPF/lpf_int                                                                                   |                3 |              4 |         1.33 |
|  design_1_i/clk_wiz_0/inst/clk_out1 | design_1_i/main_smartconnect_0/inst/s00_entry_pipeline/s00_si_converter/inst/converter.legacy_conversion.wrap_narrow_inst/gen_thread_loop[0].r_payld_fifo/fifoaddr                                             | design_1_i/main_smartconnect_0/inst/s00_entry_pipeline/s00_si_converter/inst/areset                                                                       |                2 |              5 |         2.50 |
|  design_1_i/clk_wiz_0/inst/clk_out1 | design_1_i/main_smartconnect_0/inst/s00_entry_pipeline/s00_si_converter/inst/gen_normal.splitter_inst/aw_cmd_reg/E[0]                                                                                          | design_1_i/main_smartconnect_0/inst/s00_entry_pipeline/s00_si_converter/inst/areset                                                                       |                2 |              5 |         2.50 |
|  design_1_i/clk_wiz_0/inst/clk_out1 | design_1_i/main_smartconnect_0/inst/s00_entry_pipeline/s00_si_converter/inst/converter.legacy_conversion.wrap_narrow_inst/w_payld_fifo/fifoaddr                                                                | design_1_i/main_smartconnect_0/inst/s00_entry_pipeline/s00_si_converter/inst/areset                                                                       |                2 |              5 |         2.50 |
|  design_1_i/clk_wiz_0/inst/clk_out1 | design_1_i/main_smartconnect_0/inst/s00_entry_pipeline/s00_si_converter/inst/gen_normal.splitter_inst/ar_cmd_reg/E[0]                                                                                          | design_1_i/main_smartconnect_0/inst/s00_entry_pipeline/s00_si_converter/inst/areset                                                                       |                2 |              5 |         2.50 |
|  design_1_i/clk_wiz_0/inst/clk_out2 | design_1_i/pong_axi_0/inst/u_pong/Pong_Top2_0/inst/Paddle_Ctrl_P2_inst/r_Paddle_Y[4]_i_1__0_n_0                                                                                                                |                                                                                                                                                           |                2 |              5 |         2.50 |
|  design_1_i/clk_wiz_0/inst/clk_out2 | design_1_i/pong_axi_0/inst/u_pong/Pong_Top2_0/inst/Pong_Ball_Ctrl_inst/E[0]                                                                                                                                    |                                                                                                                                                           |                2 |              5 |         2.50 |
|  design_1_i/clk_wiz_0/inst/clk_out2 | design_1_i/pong_axi_0/inst/u_pong/Pong_Top2_0/inst/Paddle_Ctrl_P1_inst/sel                                                                                                                                     |                                                                                                                                                           |                2 |              5 |         2.50 |
|  design_1_i/clk_wiz_0/inst/clk_out1 | design_1_i/main_smartconnect_0/inst/clk_map/psr_aclk/U0/SEQ/seq_cnt_en                                                                                                                                         | design_1_i/main_smartconnect_0/inst/clk_map/psr_aclk/U0/SEQ/SEQ_COUNTER/clear                                                                             |                1 |              6 |         6.00 |
|  design_1_i/clk_wiz_0/inst/clk_out1 | design_1_i/main_smartconnect_0/inst/s00_nodes/s00_w_node/inst/inst_mi_handler/m_sc_req[0]                                                                                                                      | design_1_i/main_smartconnect_0/inst/switchboards/i_nodes/i_w_node/inst/inst_si_handler/areset_r                                                           |                2 |              6 |         3.00 |
|  design_1_i/clk_wiz_0/inst/clk_out1 | design_1_i/proc_sys_reset_0/U0/SEQ/seq_cnt_en                                                                                                                                                                  | design_1_i/proc_sys_reset_0/U0/SEQ/SEQ_COUNTER/clear                                                                                                      |                1 |              6 |         6.00 |
|  design_1_i/clk_wiz_0/inst/clk_out2 | design_1_i/pong_axi_0/inst/u_pong/Pong_Top2_0/inst/Pong_Ball_Ctrl_inst/r_Ball_X                                                                                                                                | design_1_i/pong_axi_0/inst/u_pong/Pong_Top2_0/inst/Pong_Ball_Ctrl_inst/p_0_in                                                                             |                3 |              7 |         2.33 |
|  design_1_i/clk_wiz_0/inst/clk_out2 | design_1_i/pong_axi_0/inst/u_pong/Pong_Top2_0/inst/Pong_Ball_Ctrl_inst/r_Ball_Y                                                                                                                                | design_1_i/pong_axi_0/inst/u_pong/Pong_Top2_0/inst/Pong_Ball_Ctrl_inst/p_0_in                                                                             |                2 |              7 |         3.50 |
|  design_1_i/clk_wiz_0/inst/clk_out1 |                                                                                                                                                                                                                | design_1_i/pong_axi_0/inst/p_0_in                                                                                                                         |                2 |              8 |         4.00 |
|  design_1_i/clk_wiz_0/inst/clk_out1 | design_1_i/neorv32_vivado_ip_0/U0/neorv32_top_inst/io_system.neorv32_bus_io_switch_inst/neorv32_bus_reg_inst/request_reg_enabled.device_req_o_reg[rw]_2[0]                                                     | design_1_i/neorv32_vivado_ip_0/U0/neorv32_top_inst/soc_generators.neorv32_sys_reset_inst/rstn_sys                                                         |                2 |              8 |         4.00 |
|  design_1_i/clk_wiz_0/inst/clk_out1 | design_1_i/main_smartconnect_0/inst/s00_entry_pipeline/s00_mmu/inst/gen_endpoint.decerr_slave_inst/gen_axi.gen_read.read_cnt[7]_i_1_n_0                                                                        | design_1_i/main_smartconnect_0/inst/s00_entry_pipeline/s00_mmu/inst/areset                                                                                |                2 |              8 |         4.00 |
|  design_1_i/clk_wiz_0/inst/clk_out1 | design_1_i/neorv32_vivado_ip_0/U0/neorv32_top_inst/io_system.neorv32_bus_io_switch_inst/neorv32_bus_reg_inst/E[0]                                                                                              | design_1_i/neorv32_vivado_ip_0/U0/neorv32_top_inst/soc_generators.neorv32_sys_reset_inst/rstn_sys                                                         |                2 |              8 |         4.00 |
|  design_1_i/clk_wiz_0/inst/clk_out1 | design_1_i/neorv32_vivado_ip_0/U0/neorv32_top_inst/io_system.neorv32_uart0_enabled.neorv32_uart0_inst/rx_engine_fifo_inst/we                                                                                   | design_1_i/neorv32_vivado_ip_0/U0/neorv32_top_inst/soc_generators.neorv32_sys_reset_inst/rstn_sys                                                         |                1 |              8 |         8.00 |
|  design_1_i/clk_wiz_0/inst/clk_out1 |                                                                                                                                                                                                                | design_1_i/main_smartconnect_0/inst/switchboards/i_nodes/i_aw_node/inst/inst_si_handler/areset_r                                                          |                3 |              8 |         2.67 |
|  design_1_i/clk_wiz_0/inst/clk_out1 | design_1_i/pong_axi_0/inst/p_1_in[31]                                                                                                                                                                          | design_1_i/pong_axi_0/inst/p_0_in                                                                                                                         |                2 |              8 |         4.00 |
|  design_1_i/clk_wiz_0/inst/clk_out1 | design_1_i/pong_axi_0/inst/p_1_in[23]                                                                                                                                                                          | design_1_i/pong_axi_0/inst/p_0_in                                                                                                                         |                1 |              8 |         8.00 |
|  design_1_i/clk_wiz_0/inst/clk_out1 | design_1_i/pong_axi_0/inst/p_1_in[4]                                                                                                                                                                           | design_1_i/pong_axi_0/inst/p_0_in                                                                                                                         |                2 |              8 |         4.00 |
|  design_1_i/clk_wiz_0/inst/clk_out1 | design_1_i/main_smartconnect_0/inst/s00_entry_pipeline/s00_si_converter/inst/converter.legacy_conversion.wrap_narrow_inst/gen_thread_loop[0].r_cmd_fifo/E[0]                                                   | design_1_i/main_smartconnect_0/inst/s00_entry_pipeline/s00_si_converter/inst/areset                                                                       |                3 |              8 |         2.67 |
|  design_1_i/clk_wiz_0/inst/clk_out1 | design_1_i/main_smartconnect_0/inst/s00_entry_pipeline/s00_si_converter/inst/gen_normal.splitter_inst/gen_wsplitter.w_split_fifo/E[0]                                                                          | design_1_i/main_smartconnect_0/inst/s00_entry_pipeline/s00_si_converter/inst/areset                                                                       |                3 |              9 |         3.00 |
|  design_1_i/clk_wiz_0/inst/clk_out1 | design_1_i/main_smartconnect_0/inst/s00_entry_pipeline/s00_si_converter/inst/converter.legacy_conversion.wrap_narrow_inst/w_payld_fifo/E[0]                                                                    |                                                                                                                                                           |                4 |              9 |         2.25 |
|  design_1_i/clk_wiz_0/inst/clk_out1 | design_1_i/neorv32_vivado_ip_0/U0/neorv32_top_inst/io_system.neorv32_uart0_enabled.neorv32_uart0_inst/rx_engine[sreg][8]_i_1_n_0                                                                               | design_1_i/neorv32_vivado_ip_0/U0/neorv32_top_inst/soc_generators.neorv32_sys_reset_inst/rstn_sys                                                         |                2 |              9 |         4.50 |
|  design_1_i/clk_wiz_0/inst/clk_out1 |                                                                                                                                                                                                                | design_1_i/neorv32_vivado_ip_0/U0/awvalid_i_2_n_0                                                                                                         |                3 |              9 |         3.00 |
|  design_1_i/clk_wiz_0/inst/clk_out2 |                                                                                                                                                                                                                | design_1_i/pong_axi_0/inst/u_pong/VGA/VGA_Sync_Pulses_0/inst/p_0_in                                                                                       |                4 |             10 |         2.50 |
|  design_1_i/clk_wiz_0/inst/clk_out2 |                                                                                                                                                                                                                | design_1_i/pong_axi_0/inst/u_pong/VGA/VGA_Sync_Pulses_0/inst/r_Row_Count_reg[8]_0[0]                                                                      |                3 |             10 |         3.33 |
|  design_1_i/clk_wiz_0/inst/clk_out2 | design_1_i/pong_axi_0/inst/u_pong/VGA/VGA_Sync_Pulses_0/inst/p_0_in                                                                                                                                            |                                                                                                                                                           |                4 |             10 |         2.50 |
|  design_1_i/clk_wiz_0/inst/clk_out1 | design_1_i/neorv32_vivado_ip_0/U0/neorv32_top_inst/io_system.neorv32_uart0_enabled.neorv32_uart0_inst/rx_engine[baudcnt][9]_i_1_n_0                                                                            | design_1_i/neorv32_vivado_ip_0/U0/neorv32_top_inst/soc_generators.neorv32_sys_reset_inst/rstn_sys                                                         |                4 |             10 |         2.50 |
|  design_1_i/clk_wiz_0/inst/clk_out1 | design_1_i/main_smartconnect_0/inst/s00_entry_pipeline/s00_si_converter/inst/converter.legacy_conversion.wrap_narrow_inst/gen_thread_loop[0].r_cmd_fifo/gen_thread_loop[0].rlast_i_reg[0][0]                   | design_1_i/main_smartconnect_0/inst/s00_entry_pipeline/s00_si_converter/inst/areset                                                                       |                3 |             10 |         3.33 |
|  design_1_i/clk_wiz_0/inst/clk_out1 | design_1_i/pong_axi_0/inst/p_1_in[9]                                                                                                                                                                           | design_1_i/pong_axi_0/inst/p_0_in                                                                                                                         |                3 |             10 |         3.33 |
|  design_1_i/clk_wiz_0/inst/clk_out1 | design_1_i/neorv32_vivado_ip_0/U0/neorv32_top_inst/io_system.neorv32_uart0_enabled.neorv32_uart0_inst/tx_engine[baudcnt][9]_i_1_n_0                                                                            | design_1_i/neorv32_vivado_ip_0/U0/neorv32_top_inst/soc_generators.neorv32_sys_reset_inst/rstn_sys                                                         |                4 |             10 |         2.50 |
|  design_1_i/clk_wiz_0/inst/clk_out2 |                                                                                                                                                                                                                | design_1_i/pong_axi_0/inst/u_pong/VGA/VGA_Sync_Porch_0/inst/Sync_To_Count_Porch_inst/r_Col_Count[9]_i_1__0_n_0                                            |                3 |             10 |         3.33 |
|  design_1_i/clk_wiz_0/inst/clk_out2 | design_1_i/pong_axi_0/inst/u_pong/VGA/Sync_To_Count2_0/inst/E[0]                                                                                                                                               | design_1_i/pong_axi_0/inst/u_pong/VGA/VGA_Sync_Pulses_0/inst/r_Row_Count_reg[8]_1[0]                                                                      |                4 |             10 |         2.50 |
|  design_1_i/clk_wiz_0/inst/clk_out2 | design_1_i/pong_axi_0/inst/u_pong/VGA/VGA_Sync_Porch_0/inst/Sync_To_Count_Porch_inst/r_Row_Count_0                                                                                                             | design_1_i/pong_axi_0/inst/u_pong/VGA/Sync_To_Count2_0/inst/SR[0]                                                                                         |                3 |             10 |         3.33 |
|  design_1_i/clk_wiz_0/inst/clk_out1 | design_1_i/neorv32_vivado_ip_0/U0/neorv32_top_inst/neorv32_bus_gateway_inst/keeper[cnt][11]_i_1_n_0                                                                                                            | design_1_i/neorv32_vivado_ip_0/U0/neorv32_top_inst/soc_generators.neorv32_sys_reset_inst/rstn_sys                                                         |                2 |             12 |         6.00 |
|  design_1_i/clk_wiz_0/inst/clk_out1 | design_1_i/neorv32_vivado_ip_0/U0/neorv32_top_inst/core_complex_gen[0].neorv32_cpu_inst/neorv32_cpu_frontend_inst/prefetch_buffer[0].ipb_inst/FSM_sequential_exec_reg[state][2][0]                             | design_1_i/neorv32_vivado_ip_0/U0/neorv32_top_inst/soc_generators.neorv32_sys_reset_inst/rstn_sys                                                         |                3 |             12 |         4.00 |
|  design_1_i/clk_wiz_0/inst/clk_out1 | design_1_i/neorv32_vivado_ip_0/U0/neorv32_top_inst/io_system.neorv32_uart0_enabled.neorv32_uart0_inst/tx_engine[bitcnt][3]_i_1_n_0                                                                             | design_1_i/neorv32_vivado_ip_0/U0/neorv32_top_inst/soc_generators.neorv32_sys_reset_inst/rstn_sys                                                         |                3 |             13 |         4.33 |
|  design_1_i/clk_wiz_0/inst/clk_out2 | design_1_i/pong_axi_0/inst/u_pong/Pong_Top2_0/inst/Pong_Ball_Ctrl_inst/r_Ball_X_Prev                                                                                                                           | design_1_i/pong_axi_0/inst/u_pong/Pong_Top2_0/inst/Pong_Ball_Ctrl_inst/p_0_in                                                                             |                4 |             14 |         3.50 |
|  design_1_i/clk_wiz_0/inst/clk_out2 |                                                                                                                                                                                                                | design_1_i/pong_axi_0/inst/u_pong/Debounce/Debounce_Switch_0/inst/p_0_in                                                                                  |                5 |             18 |         3.60 |
|  design_1_i/clk_wiz_0/inst/clk_out2 |                                                                                                                                                                                                                | design_1_i/pong_axi_0/inst/u_pong/Debounce/Debounce_Switch_4/inst/p_0_in                                                                                  |                5 |             18 |         3.60 |
|  design_1_i/clk_wiz_0/inst/clk_out2 |                                                                                                                                                                                                                | design_1_i/pong_axi_0/inst/u_pong/Debounce/Debounce_Switch_3/inst/p_0_in                                                                                  |                5 |             18 |         3.60 |
|  design_1_i/clk_wiz_0/inst/clk_out2 |                                                                                                                                                                                                                | design_1_i/pong_axi_0/inst/u_pong/Debounce/Debounce_Switch_2/inst/p_0_in                                                                                  |                5 |             18 |         3.60 |
|  design_1_i/clk_wiz_0/inst/clk_out2 |                                                                                                                                                                                                                | design_1_i/pong_axi_0/inst/u_pong/Debounce/Debounce_Switch_1/inst/p_0_in                                                                                  |                5 |             18 |         3.60 |
|  design_1_i/clk_wiz_0/inst/clk_out1 | design_1_i/neorv32_vivado_ip_0/U0/neorv32_top_inst/core_complex_gen[0].neorv32_cpu_inst/neorv32_cpu_control_inst/csr[mie_firq]                                                                                 | design_1_i/neorv32_vivado_ip_0/U0/neorv32_top_inst/soc_generators.neorv32_sys_reset_inst/rstn_sys                                                         |                5 |             19 |         3.80 |
|  design_1_i/clk_wiz_0/inst/clk_out2 | design_1_i/pong_axi_0/inst/u_pong/Pong_Top2_0/inst/w_Game_Active                                                                                                                                               | design_1_i/pong_axi_0/inst/u_pong/Pong_Top2_0/inst/Pong_Ball_Ctrl_inst/r_Ball_Count[20]_i_1_n_0                                                           |                5 |             20 |         4.00 |
|  design_1_i/clk_wiz_0/inst/clk_out1 | design_1_i/neorv32_vivado_ip_0/U0/neorv32_top_inst/io_system.neorv32_bus_io_switch_inst/neorv32_bus_reg_inst/request_reg_enabled.device_req_o_reg[addr][2]_0[0]                                                | design_1_i/neorv32_vivado_ip_0/U0/neorv32_top_inst/soc_generators.neorv32_sys_reset_inst/rstn_sys                                                         |                3 |             20 |         6.67 |
|  design_1_i/clk_wiz_0/inst/clk_out2 |                                                                                                                                                                                                                | design_1_i/pong_axi_0/inst/u_pong/Debounce/Debounce_Switch_2/inst/r_State_reg_1[0]                                                                        |                6 |             21 |         3.50 |
|  design_1_i/clk_wiz_0/inst/clk_out2 |                                                                                                                                                                                                                | design_1_i/pong_axi_0/inst/u_pong/Debounce/Debounce_Switch_0/inst/SR[0]                                                                                   |                5 |             21 |         4.20 |
|  design_1_i/clk_wiz_0/inst/clk_out1 |                                                                                                                                                                                                                | design_1_i/main_smartconnect_0/inst/s00_entry_pipeline/s00_mmu/inst/areset                                                                                |               12 |             23 |         1.92 |
|  design_1_i/clk_wiz_0/inst/clk_out1 | design_1_i/main_smartconnect_0/inst/s00_entry_pipeline/s00_si_converter/inst/converter.legacy_conversion.wrap_narrow_inst/w_payld_fifo/E[0]                                                                    | design_1_i/main_smartconnect_0/inst/s00_entry_pipeline/s00_si_converter/inst/converter.legacy_conversion.wrap_narrow_inst/w_payld_fifo/cmd_wvalid_d_reg_2 |                4 |             27 |         6.75 |
|  design_1_i/clk_wiz_0/inst/clk_out1 | design_1_i/neorv32_vivado_ip_0/U0/neorv32_top_inst/core_complex_gen[0].neorv32_cpu_inst/neorv32_cpu_control_inst/csr[mepc][31]_i_1_n_0                                                                         | design_1_i/neorv32_vivado_ip_0/U0/neorv32_top_inst/soc_generators.neorv32_sys_reset_inst/rstn_sys                                                         |               12 |             30 |         2.50 |
|  design_1_i/clk_wiz_0/inst/clk_out1 | design_1_i/neorv32_vivado_ip_0/U0/neorv32_top_inst/core_complex_gen[0].neorv32_cpu_inst/neorv32_cpu_control_inst/csr[mtvec][31]_i_1_n_0                                                                        | design_1_i/neorv32_vivado_ip_0/U0/neorv32_top_inst/soc_generators.neorv32_sys_reset_inst/rstn_sys                                                         |               10 |             31 |         3.10 |
|  design_1_i/clk_wiz_0/inst/clk_out1 | design_1_i/neorv32_vivado_ip_0/U0/neorv32_top_inst/core_complex_gen[0].neorv32_cpu_inst/neorv32_cpu_frontend_inst/fetch[addr][31]_i_1_n_0                                                                      | design_1_i/neorv32_vivado_ip_0/U0/neorv32_top_inst/soc_generators.neorv32_sys_reset_inst/rstn_sys                                                         |               11 |             31 |         2.82 |
|  design_1_i/clk_wiz_0/inst/clk_out1 | design_1_i/neorv32_vivado_ip_0/U0/neorv32_top_inst/core_complex_gen[0].neorv32_cpu_inst/neorv32_cpu_control_inst/exec[pc2][31]_i_1_n_0                                                                         | design_1_i/neorv32_vivado_ip_0/U0/neorv32_top_inst/soc_generators.neorv32_sys_reset_inst/rstn_sys                                                         |               13 |             31 |         2.38 |
|  design_1_i/clk_wiz_0/inst/clk_out1 | design_1_i/neorv32_vivado_ip_0/U0/neorv32_top_inst/core_complex_gen[0].neorv32_cpu_inst/neorv32_cpu_control_inst/csr[mscratch][31]_i_1_n_0                                                                     | design_1_i/neorv32_vivado_ip_0/U0/neorv32_top_inst/soc_generators.neorv32_sys_reset_inst/rstn_sys                                                         |               12 |             32 |         2.67 |
|  design_1_i/clk_wiz_0/inst/clk_out1 | design_1_i/neorv32_vivado_ip_0/U0/neorv32_top_inst/io_system.neorv32_bus_io_switch_inst/neorv32_bus_reg_inst/request_reg_enabled.device_req_o_reg[rw]_1[0]                                                     | design_1_i/neorv32_vivado_ip_0/U0/neorv32_top_inst/soc_generators.neorv32_sys_reset_inst/rstn_sys                                                         |                5 |             32 |         6.40 |
|  design_1_i/clk_wiz_0/inst/clk_out1 | design_1_i/main_smartconnect_0/inst/switchboards/i_nodes/i_r_node/inst/inst_mi_handler/gen_normal_area.inst_fifo_node_payld/gen_reg_fifo.inst_reg_fifo/gen_single_rank.inst_cntr/E[0]                          |                                                                                                                                                           |                6 |             32 |         5.33 |
|  design_1_i/clk_wiz_0/inst/clk_out1 | design_1_i/main_smartconnect_0/inst/s00_entry_pipeline/s00_si_converter/inst/converter.legacy_conversion.wrap_narrow_inst/gen_thread_loop[0].r_payld_fifo/gen_srls[35].srl_nx1/push                            |                                                                                                                                                           |                9 |             32 |         3.56 |
|  design_1_i/clk_wiz_0/inst/clk_out1 | design_1_i/main_smartconnect_0/inst/s00_entry_pipeline/s00_si_converter/inst/converter.legacy_conversion.wrap_narrow_inst/gen_thread_loop[0].r_payld_fifo/cmd_fifo/m_valid_i                                   |                                                                                                                                                           |                9 |             32 |         3.56 |
|  design_1_i/clk_wiz_0/inst/clk_out1 | design_1_i/main_smartconnect_0/inst/s00_entry_pipeline/s00_si_converter/inst/converter.legacy_conversion.wrap_narrow_inst/r_shelf                                                                              |                                                                                                                                                           |               10 |             32 |         3.20 |
|  design_1_i/clk_wiz_0/inst/clk_out1 | design_1_i/main_smartconnect_0/inst/s00_entry_pipeline/s00_si_converter/inst/converter.legacy_conversion.wrap_narrow_inst/w_payld_fifo/gen_srls[103].srl_nx1/push                                              |                                                                                                                                                           |               10 |             36 |         3.60 |
|  design_1_i/clk_wiz_0/inst/clk_out1 | design_1_i/main_smartconnect_0/inst/switchboards/i_nodes/i_w_node/inst/inst_si_handler/gen_si_handler.gen_request_fifos.gen_req_fifo[0].inst_req_fifo/gen_xpm_memory_fifo.inst_fifo/gen_pipelined.state_reg[1] |                                                                                                                                                           |                9 |             36 |         4.00 |
|  design_1_i/clk_wiz_0/inst/clk_out1 | design_1_i/main_smartconnect_0/inst/s00_entry_pipeline/s00_si_converter/inst/gen_normal.splitter_inst/gen_wsplitter.w_split_fifo/gen_pipelined.state_reg[1]_1[0]                                               |                                                                                                                                                           |               10 |             36 |         3.60 |
|  design_1_i/clk_wiz_0/inst/clk_out1 | design_1_i/neorv32_vivado_ip_0/U0/neorv32_top_inst/core_complex_gen[0].neorv32_cpu_inst/neorv32_cpu_alu_inst/neorv32_cpu_alu_shifter_inst/serial[sreg]                                                         | design_1_i/neorv32_vivado_ip_0/U0/neorv32_top_inst/soc_generators.neorv32_sys_reset_inst/rstn_sys                                                         |               17 |             37 |         2.18 |
|  design_1_i/clk_wiz_0/inst/clk_out2 |                                                                                                                                                                                                                | design_1_i/pong_axi_0/inst/u_pong/hdmi_tx_0/encr/AR[0]                                                                                                    |               20 |             42 |         2.10 |
|  design_1_i/clk_wiz_0/inst/clk_out1 | design_1_i/neorv32_vivado_ip_0/U0/neorv32_top_inst/io_system.neorv32_bus_io_switch_inst/neorv32_bus_reg_inst/we_i                                                                                              |                                                                                                                                                           |                6 |             48 |         8.00 |
|  design_1_i/clk_wiz_0/inst/clk_out1 | design_1_i/neorv32_vivado_ip_0/U0/neorv32_top_inst/core_complex_gen[0].neorv32_core_bus_switch_inst/E[0]                                                                                                       | design_1_i/neorv32_vivado_ip_0/U0/neorv32_top_inst/soc_generators.neorv32_sys_reset_inst/rstn_sys                                                         |                8 |             48 |         6.00 |
|  design_1_i/clk_wiz_0/inst/clk_out1 |                                                                                                                                                                                                                | design_1_i/main_smartconnect_0/inst/s00_entry_pipeline/s00_si_converter/inst/areset                                                                       |               23 |             58 |         2.52 |
|  design_1_i/clk_wiz_0/inst/clk_out1 | design_1_i/neorv32_vivado_ip_0/U0/neorv32_top_inst/core_complex_gen[0].neorv32_cpu_inst/neorv32_cpu_control_inst/E[0]                                                                                          | design_1_i/neorv32_vivado_ip_0/U0/neorv32_top_inst/soc_generators.neorv32_sys_reset_inst/rstn_sys                                                         |               14 |             63 |         4.50 |
|  design_1_i/clk_wiz_0/inst/clk_out1 | design_1_i/neorv32_vivado_ip_0/U0/neorv32_top_inst/core_complex_gen[0].neorv32_cpu_inst/neorv32_cpu_control_inst/ctrl[rf_wb_en]                                                                                |                                                                                                                                                           |                8 |             64 |         8.00 |
|  design_1_i/clk_wiz_0/inst/clk_out1 | design_1_i/neorv32_vivado_ip_0/U0/neorv32_top_inst/core_complex_gen[0].neorv32_cpu_inst/neorv32_cpu_control_inst/FSM_sequential_exec_reg[state][3]_1[0]                                                        | design_1_i/neorv32_vivado_ip_0/U0/neorv32_top_inst/soc_generators.neorv32_sys_reset_inst/rstn_sys                                                         |               20 |             70 |         3.50 |
|  design_1_i/clk_wiz_0/inst/clk_out1 | design_1_i/neorv32_vivado_ip_0/U0/neorv32_top_inst/core_complex_gen[0].neorv32_cpu_inst/neorv32_cpu_control_inst/csr[mcause]                                                                                   | design_1_i/neorv32_vivado_ip_0/U0/neorv32_top_inst/soc_generators.neorv32_sys_reset_inst/rstn_sys                                                         |               16 |             70 |         4.38 |
|  design_1_i/clk_wiz_0/inst/clk_out2 |                                                                                                                                                                                                                |                                                                                                                                                           |               33 |             80 |         2.42 |
|  design_1_i/clk_wiz_0/inst/clk_out1 |                                                                                                                                                                                                                |                                                                                                                                                           |               50 |            149 |         2.98 |
|  design_1_i/clk_wiz_0/inst/clk_out1 |                                                                                                                                                                                                                | design_1_i/neorv32_vivado_ip_0/U0/neorv32_top_inst/soc_generators.neorv32_sys_reset_inst/rstn_sys                                                         |              140 |            398 |         2.84 |
+-------------------------------------+----------------------------------------------------------------------------------------------------------------------------------------------------------------------------------------------------------------+-----------------------------------------------------------------------------------------------------------------------------------------------------------+------------------+----------------+--------------+


