Copyright 1986-2022 Xilinx, Inc. All Rights Reserved. Copyright 2022-2025 Advanced Micro Devices, Inc. All Rights Reserved.
---------------------------------------------------------------------------------------------------------------------------------------------
| Tool Version : Vivado v.2025.1 (win64) Build 6140274 Thu May 22 00:12:29 MDT 2025
| Date         : Wed Apr 22 00:51:03 2026
| Host         : Workstation running 64-bit major release  (build 9200)
| Command      : report_clock_utilization -file design_1_wrapper_clock_utilization_routed.rpt
| Design       : design_1_wrapper
| Device       : 7s50-csga324
| Speed File   : -1  PRODUCTION 1.23 2018-06-13
| Design State : Routed
---------------------------------------------------------------------------------------------------------------------------------------------

Clock Utilization Report

Table of Contents
-----------------
1. Clock Primitive Utilization
2. Global Clock Resources
3. Global Clock Source Details
4. Local Clock Details
5. Clock Regions: Key Resource Utilization
6. Clock Regions : Global Clock Summary
7. Device Cell Placement Summary for Global Clock g0
8. Device Cell Placement Summary for Global Clock g1
9. Clock Region Cell Placement per Global Clock: Region X0Y0
10. Clock Region Cell Placement per Global Clock: Region X1Y0
11. Clock Region Cell Placement per Global Clock: Region X0Y1
12. Clock Region Cell Placement per Global Clock: Region X1Y1
13. Clock Region Cell Placement per Global Clock: Region X0Y2
14. Clock Region Cell Placement per Global Clock: Region X1Y2

1. Clock Primitive Utilization
------------------------------

+----------+------+-----------+-----+--------------+--------+
| Type     | Used | Available | LOC | Clock Region | Pblock |
+----------+------+-----------+-----+--------------+--------+
| BUFGCTRL |    2 |        32 |   0 |            0 |      0 |
| BUFH     |    0 |        72 |   0 |            0 |      0 |
| BUFIO    |    0 |        20 |   0 |            0 |      0 |
| BUFMR    |    0 |        10 |   0 |            0 |      0 |
| BUFR     |    0 |        20 |   0 |            0 |      0 |
| MMCM     |    1 |         5 |   0 |            0 |      0 |
| PLL      |    0 |         5 |   0 |            0 |      0 |
+----------+------+-----------+-----+--------------+--------+


2. Global Clock Resources
-------------------------

+-----------+-----------+-----------------+------------+---------------+--------------+-------------------+-------------+-----------------+--------------+-------------------------------+-----------------------------------------+-------------------------------------------------------------+
| Global Id | Source Id | Driver Type/Pin | Constraint | Site          | Clock Region | Load Clock Region | Clock Loads | Non-Clock Loads | Clock Period | Clock                         | Driver Pin                              | Net                                                         |
+-----------+-----------+-----------------+------------+---------------+--------------+-------------------+-------------+-----------------+--------------+-------------------------------+-----------------------------------------+-------------------------------------------------------------+
| g0        | src0      | BUFG/O          | None       | BUFGCTRL_X0Y0 | n/a          |                 6 |        6500 |               0 |       10.000 | clk_out1_design_1_clk_wiz_0_0 | design_1_i/clk_wiz_0/inst/clkout1_buf/O | design_1_i/clk_wiz_0/inst/clk_out1                          |
| g1        | src1      | BUFG/O          | None       | BUFGCTRL_X0Y1 | n/a          |                 1 |           1 |               0 |       10.000 | clkfbout_design_1_clk_wiz_0_0 | design_1_i/clk_wiz_0/inst/clkf_buf/O    | design_1_i/clk_wiz_0/inst/clkfbout_buf_design_1_clk_wiz_0_0 |
+-----------+-----------+-----------------+------------+---------------+--------------+-------------------+-------------+-----------------+--------------+-------------------------------+-----------------------------------------+-------------------------------------------------------------+
* Clock Loads column represents cell count of net connects that connect to a clock pin. Internal cell leaf pins are not considered
** Non-Clock Loads column represents cell count of non-clock pin loads


3. Global Clock Source Details
------------------------------

+-----------+-----------+---------------------+------------+-----------------+--------------+-------------+-----------------+---------------------+-------------------------------+--------------------------------------------------+---------------------------------------------------------+
| Source Id | Global Id | Driver Type/Pin     | Constraint | Site            | Clock Region | Clock Loads | Non-Clock Loads | Source Clock Period | Source Clock                  | Driver Pin                                       | Net                                                     |
+-----------+-----------+---------------------+------------+-----------------+--------------+-------------+-----------------+---------------------+-------------------------------+--------------------------------------------------+---------------------------------------------------------+
| src0      | g0        | MMCME2_ADV/CLKOUT0  | None       | MMCME2_ADV_X0Y0 | X0Y0         |           1 |               0 |              10.000 | clk_out1_design_1_clk_wiz_0_0 | design_1_i/clk_wiz_0/inst/mmcm_adv_inst/CLKOUT0  | design_1_i/clk_wiz_0/inst/clk_out1_design_1_clk_wiz_0_0 |
| src1      | g1        | MMCME2_ADV/CLKFBOUT | None       | MMCME2_ADV_X0Y0 | X0Y0         |           1 |               0 |              10.000 | clkfbout_design_1_clk_wiz_0_0 | design_1_i/clk_wiz_0/inst/mmcm_adv_inst/CLKFBOUT | design_1_i/clk_wiz_0/inst/clkfbout_design_1_clk_wiz_0_0 |
+-----------+-----------+---------------------+------------+-----------------+--------------+-------------+-----------------+---------------------+-------------------------------+--------------------------------------------------+---------------------------------------------------------+
* Clock Loads column represents cell count of net connects that connect to a clock pin. Internal cell leaf pins are not considered
** Non-Clock Loads column represents cell count of non-clock pin loads


4. Local Clock Details
----------------------

+----------+-----------------+------------+-------------------+--------------+-------------+-----------------+--------------+-------+----------------------------------------------------------------------------------------------------------------------------------------------------------------------+----------------------------------------------------------------------------------------------------------------------------------------------------------------------+
| Local Id | Driver Type/Pin | Constraint | Site/BEL          | Clock Region | Clock Loads | Non-Clock Loads | Clock Period | Clock | Driver Pin                                                                                                                                                           | Net                                                                                                                                                                  |
+----------+-----------------+------------+-------------------+--------------+-------------+-----------------+--------------+-------+----------------------------------------------------------------------------------------------------------------------------------------------------------------------+----------------------------------------------------------------------------------------------------------------------------------------------------------------------+
| 0        | FDCE/Q          | None       | SLICE_X31Y23/A5FF | X0Y0         |           1 |               2 |              |       | design_1_i/neorv32_vivado_ip_0/U0/neorv32_top_inst/io_system.neorv32_trng_enabled.neorv32_trng_inst/neoTRNG_inst/entropy_cell_gen[0].neoTRNG_cell_inst/sreg_reg[4]/Q | design_1_i/neorv32_vivado_ip_0/U0/neorv32_top_inst/io_system.neorv32_trng_enabled.neorv32_trng_inst/neoTRNG_inst/entropy_cell_gen[0].neoTRNG_cell_inst/Q[0]          |
| 1        | FDCE/Q          | None       | SLICE_X31Y23/AFF  | X0Y0         |           1 |               1 |              |       | design_1_i/neorv32_vivado_ip_0/U0/neorv32_top_inst/io_system.neorv32_trng_enabled.neorv32_trng_inst/neoTRNG_inst/entropy_cell_gen[0].neoTRNG_cell_inst/sreg_reg[0]/Q | design_1_i/neorv32_vivado_ip_0/U0/neorv32_top_inst/io_system.neorv32_trng_enabled.neorv32_trng_inst/neoTRNG_inst/entropy_cell_gen[0].neoTRNG_cell_inst/sreg[0]       |
| 2        | FDCE/Q          | None       | SLICE_X31Y23/BFF  | X0Y0         |           1 |               1 |              |       | design_1_i/neorv32_vivado_ip_0/U0/neorv32_top_inst/io_system.neorv32_trng_enabled.neorv32_trng_inst/neoTRNG_inst/entropy_cell_gen[0].neoTRNG_cell_inst/sreg_reg[1]/Q | design_1_i/neorv32_vivado_ip_0/U0/neorv32_top_inst/io_system.neorv32_trng_enabled.neorv32_trng_inst/neoTRNG_inst/entropy_cell_gen[0].neoTRNG_cell_inst/sreg[1]       |
| 3        | FDCE/Q          | None       | SLICE_X31Y23/CFF  | X0Y0         |           1 |               1 |              |       | design_1_i/neorv32_vivado_ip_0/U0/neorv32_top_inst/io_system.neorv32_trng_enabled.neorv32_trng_inst/neoTRNG_inst/entropy_cell_gen[0].neoTRNG_cell_inst/sreg_reg[2]/Q | design_1_i/neorv32_vivado_ip_0/U0/neorv32_top_inst/io_system.neorv32_trng_enabled.neorv32_trng_inst/neoTRNG_inst/entropy_cell_gen[0].neoTRNG_cell_inst/sreg[2]       |
| 4        | FDCE/Q          | None       | SLICE_X31Y23/DFF  | X0Y0         |           1 |               1 |              |       | design_1_i/neorv32_vivado_ip_0/U0/neorv32_top_inst/io_system.neorv32_trng_enabled.neorv32_trng_inst/neoTRNG_inst/entropy_cell_gen[0].neoTRNG_cell_inst/sreg_reg[3]/Q | design_1_i/neorv32_vivado_ip_0/U0/neorv32_top_inst/io_system.neorv32_trng_enabled.neorv32_trng_inst/neoTRNG_inst/entropy_cell_gen[0].neoTRNG_cell_inst/sreg[3]       |
| 5        | FDCE/Q          | None       | SLICE_X33Y21/C5FF | X0Y0         |           1 |               2 |              |       | design_1_i/neorv32_vivado_ip_0/U0/neorv32_top_inst/io_system.neorv32_trng_enabled.neorv32_trng_inst/neoTRNG_inst/entropy_cell_gen[1].neoTRNG_cell_inst/sreg_reg[6]/Q | design_1_i/neorv32_vivado_ip_0/U0/neorv32_top_inst/io_system.neorv32_trng_enabled.neorv32_trng_inst/neoTRNG_inst/entropy_cell_gen[1].neoTRNG_cell_inst/Q[0]          |
| 6        | FDCE/Q          | None       | SLICE_X33Y21/AFF  | X0Y0         |           1 |               1 |              |       | design_1_i/neorv32_vivado_ip_0/U0/neorv32_top_inst/io_system.neorv32_trng_enabled.neorv32_trng_inst/neoTRNG_inst/entropy_cell_gen[1].neoTRNG_cell_inst/sreg_reg[0]/Q | design_1_i/neorv32_vivado_ip_0/U0/neorv32_top_inst/io_system.neorv32_trng_enabled.neorv32_trng_inst/neoTRNG_inst/entropy_cell_gen[1].neoTRNG_cell_inst/sreg[0]       |
| 7        | FDCE/Q          | None       | SLICE_X33Y21/BFF  | X0Y0         |           1 |               1 |              |       | design_1_i/neorv32_vivado_ip_0/U0/neorv32_top_inst/io_system.neorv32_trng_enabled.neorv32_trng_inst/neoTRNG_inst/entropy_cell_gen[1].neoTRNG_cell_inst/sreg_reg[1]/Q | design_1_i/neorv32_vivado_ip_0/U0/neorv32_top_inst/io_system.neorv32_trng_enabled.neorv32_trng_inst/neoTRNG_inst/entropy_cell_gen[1].neoTRNG_cell_inst/sreg[1]       |
| 8        | FDCE/Q          | None       | SLICE_X33Y21/CFF  | X0Y0         |           1 |               1 |              |       | design_1_i/neorv32_vivado_ip_0/U0/neorv32_top_inst/io_system.neorv32_trng_enabled.neorv32_trng_inst/neoTRNG_inst/entropy_cell_gen[1].neoTRNG_cell_inst/sreg_reg[2]/Q | design_1_i/neorv32_vivado_ip_0/U0/neorv32_top_inst/io_system.neorv32_trng_enabled.neorv32_trng_inst/neoTRNG_inst/entropy_cell_gen[1].neoTRNG_cell_inst/sreg[2]       |
| 9        | FDCE/Q          | None       | SLICE_X33Y21/DFF  | X0Y0         |           1 |               1 |              |       | design_1_i/neorv32_vivado_ip_0/U0/neorv32_top_inst/io_system.neorv32_trng_enabled.neorv32_trng_inst/neoTRNG_inst/entropy_cell_gen[1].neoTRNG_cell_inst/sreg_reg[3]/Q | design_1_i/neorv32_vivado_ip_0/U0/neorv32_top_inst/io_system.neorv32_trng_enabled.neorv32_trng_inst/neoTRNG_inst/entropy_cell_gen[1].neoTRNG_cell_inst/sreg[3]       |
| 10       | FDCE/Q          | None       | SLICE_X33Y21/A5FF | X0Y0         |           1 |               1 |              |       | design_1_i/neorv32_vivado_ip_0/U0/neorv32_top_inst/io_system.neorv32_trng_enabled.neorv32_trng_inst/neoTRNG_inst/entropy_cell_gen[1].neoTRNG_cell_inst/sreg_reg[4]/Q | design_1_i/neorv32_vivado_ip_0/U0/neorv32_top_inst/io_system.neorv32_trng_enabled.neorv32_trng_inst/neoTRNG_inst/entropy_cell_gen[1].neoTRNG_cell_inst/sreg[4]       |
| 11       | FDCE/Q          | None       | SLICE_X33Y21/B5FF | X0Y0         |           1 |               1 |              |       | design_1_i/neorv32_vivado_ip_0/U0/neorv32_top_inst/io_system.neorv32_trng_enabled.neorv32_trng_inst/neoTRNG_inst/entropy_cell_gen[1].neoTRNG_cell_inst/sreg_reg[5]/Q | design_1_i/neorv32_vivado_ip_0/U0/neorv32_top_inst/io_system.neorv32_trng_enabled.neorv32_trng_inst/neoTRNG_inst/entropy_cell_gen[1].neoTRNG_cell_inst/sreg[5]       |
| 12       | FDCE/Q          | None       | SLICE_X29Y21/D5FF | X0Y0         |           1 |               1 |              |       | design_1_i/neorv32_vivado_ip_0/U0/neorv32_top_inst/io_system.neorv32_trng_enabled.neorv32_trng_inst/neoTRNG_inst/entropy_cell_gen[2].neoTRNG_cell_inst/sreg_reg[8]/Q | design_1_i/neorv32_vivado_ip_0/U0/neorv32_top_inst/io_system.neorv32_trng_enabled.neorv32_trng_inst/neoTRNG_inst/entropy_cell_gen[2].neoTRNG_cell_inst/cell_en_out_2 |
| 13       | FDCE/Q          | None       | SLICE_X30Y22/AFF  | X0Y0         |           1 |               1 |              |       | design_1_i/neorv32_vivado_ip_0/U0/neorv32_top_inst/io_system.neorv32_trng_enabled.neorv32_trng_inst/neoTRNG_inst/entropy_cell_gen[2].neoTRNG_cell_inst/sreg_reg[0]/Q | design_1_i/neorv32_vivado_ip_0/U0/neorv32_top_inst/io_system.neorv32_trng_enabled.neorv32_trng_inst/neoTRNG_inst/entropy_cell_gen[2].neoTRNG_cell_inst/sreg[0]       |
| 14       | FDCE/Q          | None       | SLICE_X29Y21/AFF  | X0Y0         |           1 |               1 |              |       | design_1_i/neorv32_vivado_ip_0/U0/neorv32_top_inst/io_system.neorv32_trng_enabled.neorv32_trng_inst/neoTRNG_inst/entropy_cell_gen[2].neoTRNG_cell_inst/sreg_reg[1]/Q | design_1_i/neorv32_vivado_ip_0/U0/neorv32_top_inst/io_system.neorv32_trng_enabled.neorv32_trng_inst/neoTRNG_inst/entropy_cell_gen[2].neoTRNG_cell_inst/sreg[1]       |
| 15       | FDCE/Q          | None       | SLICE_X29Y21/BFF  | X0Y0         |           1 |               1 |              |       | design_1_i/neorv32_vivado_ip_0/U0/neorv32_top_inst/io_system.neorv32_trng_enabled.neorv32_trng_inst/neoTRNG_inst/entropy_cell_gen[2].neoTRNG_cell_inst/sreg_reg[2]/Q | design_1_i/neorv32_vivado_ip_0/U0/neorv32_top_inst/io_system.neorv32_trng_enabled.neorv32_trng_inst/neoTRNG_inst/entropy_cell_gen[2].neoTRNG_cell_inst/sreg[2]       |
| 16       | FDCE/Q          | None       | SLICE_X29Y21/CFF  | X0Y0         |           1 |               1 |              |       | design_1_i/neorv32_vivado_ip_0/U0/neorv32_top_inst/io_system.neorv32_trng_enabled.neorv32_trng_inst/neoTRNG_inst/entropy_cell_gen[2].neoTRNG_cell_inst/sreg_reg[3]/Q | design_1_i/neorv32_vivado_ip_0/U0/neorv32_top_inst/io_system.neorv32_trng_enabled.neorv32_trng_inst/neoTRNG_inst/entropy_cell_gen[2].neoTRNG_cell_inst/sreg[3]       |
| 17       | FDCE/Q          | None       | SLICE_X29Y21/DFF  | X0Y0         |           1 |               1 |              |       | design_1_i/neorv32_vivado_ip_0/U0/neorv32_top_inst/io_system.neorv32_trng_enabled.neorv32_trng_inst/neoTRNG_inst/entropy_cell_gen[2].neoTRNG_cell_inst/sreg_reg[4]/Q | design_1_i/neorv32_vivado_ip_0/U0/neorv32_top_inst/io_system.neorv32_trng_enabled.neorv32_trng_inst/neoTRNG_inst/entropy_cell_gen[2].neoTRNG_cell_inst/sreg[4]       |
| 18       | FDCE/Q          | None       | SLICE_X29Y21/A5FF | X0Y0         |           1 |               1 |              |       | design_1_i/neorv32_vivado_ip_0/U0/neorv32_top_inst/io_system.neorv32_trng_enabled.neorv32_trng_inst/neoTRNG_inst/entropy_cell_gen[2].neoTRNG_cell_inst/sreg_reg[5]/Q | design_1_i/neorv32_vivado_ip_0/U0/neorv32_top_inst/io_system.neorv32_trng_enabled.neorv32_trng_inst/neoTRNG_inst/entropy_cell_gen[2].neoTRNG_cell_inst/sreg[5]       |
| 19       | FDCE/Q          | None       | SLICE_X29Y21/B5FF | X0Y0         |           1 |               1 |              |       | design_1_i/neorv32_vivado_ip_0/U0/neorv32_top_inst/io_system.neorv32_trng_enabled.neorv32_trng_inst/neoTRNG_inst/entropy_cell_gen[2].neoTRNG_cell_inst/sreg_reg[6]/Q | design_1_i/neorv32_vivado_ip_0/U0/neorv32_top_inst/io_system.neorv32_trng_enabled.neorv32_trng_inst/neoTRNG_inst/entropy_cell_gen[2].neoTRNG_cell_inst/sreg[6]       |
| 20       | FDCE/Q          | None       | SLICE_X29Y21/C5FF | X0Y0         |           1 |               1 |              |       | design_1_i/neorv32_vivado_ip_0/U0/neorv32_top_inst/io_system.neorv32_trng_enabled.neorv32_trng_inst/neoTRNG_inst/entropy_cell_gen[2].neoTRNG_cell_inst/sreg_reg[7]/Q | design_1_i/neorv32_vivado_ip_0/U0/neorv32_top_inst/io_system.neorv32_trng_enabled.neorv32_trng_inst/neoTRNG_inst/entropy_cell_gen[2].neoTRNG_cell_inst/sreg[7]       |
+----------+-----------------+------------+-------------------+--------------+-------------+-----------------+--------------+-------+----------------------------------------------------------------------------------------------------------------------------------------------------------------------+----------------------------------------------------------------------------------------------------------------------------------------------------------------------+
* Local Clocks in this context represents only clocks driven by non-global buffers
** Clock Loads column represents cell count of net connects that connect to a clock pin. Internal cell leaf pins are not considered
*** Non-Clock Loads column represents cell count of non-clock pin loads


5. Clock Regions: Key Resource Utilization
------------------------------------------

+-------------------+--------------+--------------+--------------+--------------+--------------+--------------+--------------+--------------+--------------+--------------+--------------+--------------+--------------+--------------+--------------+
|                   | Global Clock |     BUFRs    |    BUFMRs    |    BUFIOs    |     MMCM     |      PLL     |      GT      |      PCI     |    ILOGIC    |    OLOGIC    |      FF      |     LUTM     |    RAMB18    |    RAMB36    |    DSP48E2   |
+-------------------+------+-------+------+-------+------+-------+------+-------+------+-------+------+-------+------+-------+------+-------+------+-------+------+-------+------+-------+------+-------+------+-------+------+-------+------+-------+
| Clock Region Name | Used | Avail | Used | Avail | Used | Avail | Used | Avail | Used | Avail | Used | Avail | Used | Avail | Used | Avail | Used | Avail | Used | Avail | Used | Avail | Used | Avail | Used | Avail | Used | Avail | Used | Avail |
+-------------------+------+-------+------+-------+------+-------+------+-------+------+-------+------+-------+------+-------+------+-------+------+-------+------+-------+------+-------+------+-------+------+-------+------+-------+------+-------+
| X0Y0              |    2 |    12 |    0 |     4 |    0 |     2 |    0 |     4 |    1 |     1 |    0 |     1 |    0 |     0 |    0 |     0 |    0 |    50 |    0 |    50 |  504 |  1200 |  134 |   400 |    0 |    20 |    6 |    10 |    0 |    20 |
| X1Y0              |    1 |    12 |    0 |     4 |    0 |     2 |    0 |     4 |    0 |     1 |    0 |     1 |    0 |     0 |    0 |     0 |    0 |    50 |    0 |    50 | 1207 |  1500 |  353 |   450 |    0 |    40 |   10 |    20 |    0 |    20 |
| X0Y1              |    1 |    12 |    0 |     4 |    0 |     2 |    0 |     4 |    0 |     1 |    0 |     1 |    0 |     0 |    0 |     0 |    0 |    50 |    0 |    50 | 1179 |  1200 |  378 |   400 |    0 |    20 |    0 |    10 |    0 |    20 |
| X1Y1              |    1 |    12 |    0 |     4 |    0 |     2 |    0 |     4 |    0 |     1 |    0 |     1 |    0 |     0 |    0 |     0 |    0 |    50 |    0 |    50 | 3203 |  1500 | 1007 |   450 |    0 |    40 |    0 |    20 |    0 |    20 |
| X0Y2              |    1 |    12 |    0 |     4 |    0 |     2 |    0 |     4 |    0 |     1 |    0 |     1 |    0 |     0 |    0 |     0 |    0 |    50 |    0 |    50 |  160 |  1800 |   23 |   400 |    0 |    20 |    0 |    10 |    0 |    20 |
| X1Y2              |    1 |    12 |    0 |     0 |    0 |     0 |    0 |     0 |    0 |     0 |    0 |     0 |    0 |     4 |    0 |     1 |    0 |     0 |    0 |     0 |  191 |   950 |   57 |   300 |    0 |    10 |    0 |     5 |    0 |    20 |
+-------------------+------+-------+------+-------+------+-------+------+-------+------+-------+------+-------+------+-------+------+-------+------+-------+------+-------+------+-------+------+-------+------+-------+------+-------+------+-------+
* Global Clock column represents track count; while other columns represents cell counts


6. Clock Regions : Global Clock Summary
---------------------------------------

All Modules
+----+----+----+
|    | X0 | X1 |
+----+----+----+
| Y2 |  0 |  0 |
| Y1 |  0 |  0 |
| Y0 |  0 |  0 |
+----+----+----+


7. Device Cell Placement Summary for Global Clock g0
----------------------------------------------------

+-----------+-----------------+-------------------+-------------------------------+-------------+---------------+-------------+----------+----------------+----------+------------------------------------+
| Global Id | Driver Type/Pin | Driver Region (D) | Clock                         | Period (ns) | Waveform (ns) | Slice Loads | IO Loads | Clocking Loads | GT Loads | Net                                |
+-----------+-----------------+-------------------+-------------------------------+-------------+---------------+-------------+----------+----------------+----------+------------------------------------+
| g0        | BUFG/O          | n/a               | clk_out1_design_1_clk_wiz_0_0 |      10.000 | {0.000 5.000} |        6462 |        0 |              0 |        0 | design_1_i/clk_wiz_0/inst/clk_out1 |
+-----------+-----------------+-------------------+-------------------------------+-------------+---------------+-------------+----------+----------------+----------+------------------------------------+
* Slice Loads column represents load cell count of all cell types other than IO, GT and clock resources
** IO Loads column represents load cell count of IO types
*** Clocking Loads column represents load cell count that are clock resources (global clock buffer, MMCM, PLL, etc)
**** GT Loads column represents load cell count of GT types


+----+-------+-------+-----------------------+
|    | X0    | X1    | HORIZONTAL PROG DELAY |
+----+-------+-------+-----------------------+
| Y2 |   160 |   191 |                     0 |
| Y1 |  1179 |  3203 |                     0 |
| Y0 |   510 |  1219 |                     0 |
+----+-------+-------+-----------------------+


8. Device Cell Placement Summary for Global Clock g1
----------------------------------------------------

+-----------+-----------------+-------------------+-------------------------------+-------------+---------------+-------------+----------+----------------+----------+-------------------------------------------------------------+
| Global Id | Driver Type/Pin | Driver Region (D) | Clock                         | Period (ns) | Waveform (ns) | Slice Loads | IO Loads | Clocking Loads | GT Loads | Net                                                         |
+-----------+-----------------+-------------------+-------------------------------+-------------+---------------+-------------+----------+----------------+----------+-------------------------------------------------------------+
| g1        | BUFG/O          | n/a               | clkfbout_design_1_clk_wiz_0_0 |      10.000 | {0.000 5.000} |           0 |        0 |              1 |        0 | design_1_i/clk_wiz_0/inst/clkfbout_buf_design_1_clk_wiz_0_0 |
+-----------+-----------------+-------------------+-------------------------------+-------------+---------------+-------------+----------+----------------+----------+-------------------------------------------------------------+
* Slice Loads column represents load cell count of all cell types other than IO, GT and clock resources
** IO Loads column represents load cell count of IO types
*** Clocking Loads column represents load cell count that are clock resources (global clock buffer, MMCM, PLL, etc)
**** GT Loads column represents load cell count of GT types


+----+----+----+-----------------------+
|    | X0 | X1 | HORIZONTAL PROG DELAY |
+----+----+----+-----------------------+
| Y2 |  0 |  0 |                     - |
| Y1 |  0 |  0 |                     - |
| Y0 |  1 |  0 |                     0 |
+----+----+----+-----------------------+


9. Clock Region Cell Placement per Global Clock: Region X0Y0
------------------------------------------------------------

+-----------+-------+-----------------+------------+-------------+-----------------+-----+-------------+------+-----+----+------+-----+---------+-------------------------------------------------------------+
| Global Id | Track | Driver Type/Pin | Constraint | Clock Loads | Non-Clock Loads | FF  | Memory LUTs | RAMB | DSP | GT | MMCM | PLL | Hard IP | Net                                                         |
+-----------+-------+-----------------+------------+-------------+-----------------+-----+-------------+------+-----+----+------+-----+---------+-------------------------------------------------------------+
| g0        | n/a   | BUFG/O          | None       |         510 |               0 | 504 |           0 |    6 |   0 |  0 |    0 |   0 |       0 | design_1_i/clk_wiz_0/inst/clk_out1                          |
| g1        | n/a   | BUFG/O          | None       |           1 |               0 |   0 |           0 |    0 |   0 |  0 |    1 |   0 |       0 | design_1_i/clk_wiz_0/inst/clkfbout_buf_design_1_clk_wiz_0_0 |
+-----------+-------+-----------------+------------+-------------+-----------------+-----+-------------+------+-----+----+------+-----+---------+-------------------------------------------------------------+
* Clock Loads column represents cell count of net connects that connect to a clock pin. Internal cell leaf pins are not considered
** Non-Clock Loads column represents cell count of non-clock pin loads
*** Columns FF, LUTRAM, RAMB through 'Hard IP' represents load cell counts


10. Clock Region Cell Placement per Global Clock: Region X1Y0
-------------------------------------------------------------

+-----------+-------+-----------------+------------+-------------+-----------------+------+-------------+------+-----+----+------+-----+---------+------------------------------------+
| Global Id | Track | Driver Type/Pin | Constraint | Clock Loads | Non-Clock Loads | FF   | Memory LUTs | RAMB | DSP | GT | MMCM | PLL | Hard IP | Net                                |
+-----------+-------+-----------------+------------+-------------+-----------------+------+-------------+------+-----+----+------+-----+---------+------------------------------------+
| g0        | n/a   | BUFG/O          | None       |        1219 |               0 | 1207 |           1 |   10 |   0 |  0 |    0 |   0 |       0 | design_1_i/clk_wiz_0/inst/clk_out1 |
+-----------+-------+-----------------+------------+-------------+-----------------+------+-------------+------+-----+----+------+-----+---------+------------------------------------+
* Clock Loads column represents cell count of net connects that connect to a clock pin. Internal cell leaf pins are not considered
** Non-Clock Loads column represents cell count of non-clock pin loads
*** Columns FF, LUTRAM, RAMB through 'Hard IP' represents load cell counts


11. Clock Region Cell Placement per Global Clock: Region X0Y1
-------------------------------------------------------------

+-----------+-------+-----------------+------------+-------------+-----------------+------+-------------+------+-----+----+------+-----+---------+------------------------------------+
| Global Id | Track | Driver Type/Pin | Constraint | Clock Loads | Non-Clock Loads | FF   | Memory LUTs | RAMB | DSP | GT | MMCM | PLL | Hard IP | Net                                |
+-----------+-------+-----------------+------------+-------------+-----------------+------+-------------+------+-----+----+------+-----+---------+------------------------------------+
| g0        | n/a   | BUFG/O          | None       |        1179 |               0 | 1179 |           0 |    0 |   0 |  0 |    0 |   0 |       0 | design_1_i/clk_wiz_0/inst/clk_out1 |
+-----------+-------+-----------------+------------+-------------+-----------------+------+-------------+------+-----+----+------+-----+---------+------------------------------------+
* Clock Loads column represents cell count of net connects that connect to a clock pin. Internal cell leaf pins are not considered
** Non-Clock Loads column represents cell count of non-clock pin loads
*** Columns FF, LUTRAM, RAMB through 'Hard IP' represents load cell counts


12. Clock Region Cell Placement per Global Clock: Region X1Y1
-------------------------------------------------------------

+-----------+-------+-----------------+------------+-------------+-----------------+------+-------------+------+-----+----+------+-----+---------+------------------------------------+
| Global Id | Track | Driver Type/Pin | Constraint | Clock Loads | Non-Clock Loads | FF   | Memory LUTs | RAMB | DSP | GT | MMCM | PLL | Hard IP | Net                                |
+-----------+-------+-----------------+------------+-------------+-----------------+------+-------------+------+-----+----+------+-----+---------+------------------------------------+
| g0        | n/a   | BUFG/O          | None       |        3203 |               0 | 3203 |           0 |    0 |   0 |  0 |    0 |   0 |       0 | design_1_i/clk_wiz_0/inst/clk_out1 |
+-----------+-------+-----------------+------------+-------------+-----------------+------+-------------+------+-----+----+------+-----+---------+------------------------------------+
* Clock Loads column represents cell count of net connects that connect to a clock pin. Internal cell leaf pins are not considered
** Non-Clock Loads column represents cell count of non-clock pin loads
*** Columns FF, LUTRAM, RAMB through 'Hard IP' represents load cell counts


13. Clock Region Cell Placement per Global Clock: Region X0Y2
-------------------------------------------------------------

+-----------+-------+-----------------+------------+-------------+-----------------+-----+-------------+------+-----+----+------+-----+---------+------------------------------------+
| Global Id | Track | Driver Type/Pin | Constraint | Clock Loads | Non-Clock Loads | FF  | Memory LUTs | RAMB | DSP | GT | MMCM | PLL | Hard IP | Net                                |
+-----------+-------+-----------------+------------+-------------+-----------------+-----+-------------+------+-----+----+------+-----+---------+------------------------------------+
| g0        | n/a   | BUFG/O          | None       |         160 |               0 | 160 |           0 |    0 |   0 |  0 |    0 |   0 |       0 | design_1_i/clk_wiz_0/inst/clk_out1 |
+-----------+-------+-----------------+------------+-------------+-----------------+-----+-------------+------+-----+----+------+-----+---------+------------------------------------+
* Clock Loads column represents cell count of net connects that connect to a clock pin. Internal cell leaf pins are not considered
** Non-Clock Loads column represents cell count of non-clock pin loads
*** Columns FF, LUTRAM, RAMB through 'Hard IP' represents load cell counts


14. Clock Region Cell Placement per Global Clock: Region X1Y2
-------------------------------------------------------------

+-----------+-------+-----------------+------------+-------------+-----------------+-----+-------------+------+-----+----+------+-----+---------+------------------------------------+
| Global Id | Track | Driver Type/Pin | Constraint | Clock Loads | Non-Clock Loads | FF  | Memory LUTs | RAMB | DSP | GT | MMCM | PLL | Hard IP | Net                                |
+-----------+-------+-----------------+------------+-------------+-----------------+-----+-------------+------+-----+----+------+-----+---------+------------------------------------+
| g0        | n/a   | BUFG/O          | None       |         191 |               0 | 191 |           0 |    0 |   0 |  0 |    0 |   0 |       0 | design_1_i/clk_wiz_0/inst/clk_out1 |
+-----------+-------+-----------------+------------+-------------+-----------------+-----+-------------+------+-----+----+------+-----+---------+------------------------------------+
* Clock Loads column represents cell count of net connects that connect to a clock pin. Internal cell leaf pins are not considered
** Non-Clock Loads column represents cell count of non-clock pin loads
*** Columns FF, LUTRAM, RAMB through 'Hard IP' represents load cell counts



# Location of BUFG Primitives 
set_property LOC BUFGCTRL_X0Y1 [get_cells design_1_i/clk_wiz_0/inst/clkf_buf]
set_property LOC BUFGCTRL_X0Y0 [get_cells design_1_i/clk_wiz_0/inst/clkout1_buf]

# Location of IO Primitives which is load of clock spine

# Location of clock ports
set_property LOC IOB_X0Y26 [get_ports clk_100MHz]

# Clock net "design_1_i/clk_wiz_0/inst/clk_out1" driven by instance "design_1_i/clk_wiz_0/inst/clkout1_buf" located at site "BUFGCTRL_X0Y0"
#startgroup
create_pblock {CLKAG_design_1_i/clk_wiz_0/inst/clk_out1}
add_cells_to_pblock [get_pblocks  {CLKAG_design_1_i/clk_wiz_0/inst/clk_out1}] [get_cells -filter { PRIMITIVE_GROUP != I/O && IS_PRIMITIVE==1 && PRIMITIVE_LEVEL !=INTERNAL } -of_object [get_pins -filter {DIRECTION==IN} -of_objects [get_nets -hierarchical -filter {PARENT=="design_1_i/clk_wiz_0/inst/clk_out1"}]]]
resize_pblock [get_pblocks {CLKAG_design_1_i/clk_wiz_0/inst/clk_out1}] -add {CLOCKREGION_X0Y0:CLOCKREGION_X0Y0 CLOCKREGION_X0Y1:CLOCKREGION_X0Y1 CLOCKREGION_X0Y2:CLOCKREGION_X0Y2 CLOCKREGION_X1Y0:CLOCKREGION_X1Y0 CLOCKREGION_X1Y1:CLOCKREGION_X1Y1 CLOCKREGION_X1Y2:CLOCKREGION_X1Y2}
#endgroup
